14:35:47 INFO  : Launching XSCT server: xsct -n  -interactive /home/me/Workspace/Hardware/Vitis/DMA_Loop/temp_xsdb_launch_script.tcl
14:35:47 ERROR : Error encountered while initializing user repository paths
Reason: No Platforms Found.


14:35:47 INFO  : Platform repository initialization has completed.
14:35:47 INFO  : Registering command handlers for Vitis TCF services
14:35:49 INFO  : XSCT server has started successfully.
14:35:49 INFO  : Successfully done setting XSCT server connection channel  
14:35:49 INFO  : plnx-install-location is set to ''
14:35:49 INFO  : Successfully done setting workspace for the tool. 
14:35:49 INFO  : Successfully done query RDI_DATADIR 
14:37:02 INFO  : Result from executing command 'getProjects': DMA_Test
14:37:02 INFO  : Result from executing command 'getPlatforms': 
14:37:38 INFO  : Example project xaxidma_example_simple_poll_1 has been created successfully.
14:40:04 INFO  : Result from executing command 'getProjects': DMA_Test
14:40:04 INFO  : Result from executing command 'getPlatforms': DMA_Test|/home/me/Workspace/Hardware/Vitis/DMA_Loop/DMA_Test/export/DMA_Test/DMA_Test.xpfm
14:40:08 INFO  : Checking for BSP changes to sync application flags for project 'xaxidma_example_simple_poll_1'...
14:42:10 INFO  : Checking for BSP changes to sync application flags for project 'xaxidma_example_simple_poll_1'...
14:42:24 INFO  : Checking for BSP changes to sync application flags for project 'xaxidma_example_simple_poll_1'...
14:42:46 INFO  : Connected to target on host '127.0.0.1' and port '3121'.
14:42:46 INFO  : 'targets -set -filter {jtag_cable_name =~ "Digilent JTAG-HS1 210512180081" && level==0 && jtag_device_ctx=="jsn-JTAG-HS1-210512180081-14711093-0"}' command is executed.
14:42:51 INFO  : Device configured successfully with "/home/me/Workspace/Hardware/Vitis/DMA_Loop/xaxidma_example_simple_poll_1/_ide/bitstream/design_1_wrapper.bit"
14:42:58 INFO  : XRT server has started successfully on port '4352'
14:42:58 INFO  : Connected to target on host '127.0.0.1' and port '3121'.
14:42:58 INFO  : Jtag cable 'Digilent JTAG-HS1 210512180081' is selected.
14:42:58 INFO  : 'jtag frequency' command is executed.
14:42:58 INFO  : Sourcing of '/tools/Xilinx/Vitis/2021.2/scripts/vitis/util/zynqmp_utils.tcl' is done.
14:42:58 INFO  : Context for 'APU' is selected.
14:42:59 INFO  : System reset is completed.
14:43:02 INFO  : 'after 3000' command is executed.
14:43:02 INFO  : 'targets -set -filter {jtag_cable_name =~ "Digilent JTAG-HS1 210512180081" && level==0 && jtag_device_ctx=="jsn-JTAG-HS1-210512180081-14711093-0"}' command is executed.
14:43:07 INFO  : Device configured successfully with "/home/me/Workspace/Hardware/Vitis/DMA_Loop/xaxidma_example_simple_poll_1/_ide/bitstream/design_1_wrapper.bit"
14:43:07 INFO  : Context for 'APU' is selected.
14:43:07 INFO  : Hardware design and registers information is loaded from '/home/me/Workspace/Hardware/Vitis/DMA_Loop/DMA_Test/export/DMA_Test/hw/design_1_wrapper.xsa'.
14:43:07 INFO  : 'configparams force-mem-access 1' command is executed.
14:43:07 INFO  : Context for 'APU' is selected.
14:43:07 INFO  : Boot mode is read from the target.
14:43:07 INFO  : Context for processor 'psu_cortexa53_0' is selected.
14:43:07 INFO  : Processor reset is completed for 'psu_cortexa53_0'.
14:43:08 INFO  : The application '/home/me/Workspace/Hardware/Vitis/DMA_Loop/DMA_Test/export/DMA_Test/sw/DMA_Test/boot/fsbl.elf' is downloaded to processor 'psu_cortexa53_0'.
14:43:08 INFO  : 'set bp_43_8_fsbl_bp [bpadd -addr &XFsbl_Exit]' command is executed.
14:43:09 INFO  : 'con -block -timeout 60' command is executed.
14:43:09 INFO  : 'bpremove $bp_43_8_fsbl_bp' command is executed.
14:43:09 INFO  : Context for processor 'psu_cortexa53_0' is selected.
14:43:09 INFO  : Processor reset is completed for 'psu_cortexa53_0'.
14:43:09 INFO  : The application '/home/me/Workspace/Hardware/Vitis/DMA_Loop/xaxidma_example_simple_poll_1/Debug/xaxidma_example_simple_poll_1.elf' is downloaded to processor 'psu_cortexa53_0'.
14:43:09 INFO  : 'configparams force-mem-access 0' command is executed.
14:43:09 INFO  : ----------------XSDB Script----------------
connect -url tcp:127.0.0.1:3121
source /tools/Xilinx/Vitis/2021.2/scripts/vitis/util/zynqmp_utils.tcl
targets -set -nocase -filter {name =~"APU*"}
rst -system
after 3000
targets -set -filter {jtag_cable_name =~ "Digilent JTAG-HS1 210512180081" && level==0 && jtag_device_ctx=="jsn-JTAG-HS1-210512180081-14711093-0"}
fpga -file /home/me/Workspace/Hardware/Vitis/DMA_Loop/xaxidma_example_simple_poll_1/_ide/bitstream/design_1_wrapper.bit
targets -set -nocase -filter {name =~"APU*"}
loadhw -hw /home/me/Workspace/Hardware/Vitis/DMA_Loop/DMA_Test/export/DMA_Test/hw/design_1_wrapper.xsa -mem-ranges [list {0x80000000 0xbfffffff} {0x400000000 0x5ffffffff} {0x1000000000 0x7fffffffff}] -regs
configparams force-mem-access 1
targets -set -nocase -filter {name =~"APU*"}
set mode [expr [mrd -value 0xFF5E0200] & 0xf]
targets -set -nocase -filter {name =~ "*A53*#0"}
rst -processor
dow /home/me/Workspace/Hardware/Vitis/DMA_Loop/DMA_Test/export/DMA_Test/sw/DMA_Test/boot/fsbl.elf
set bp_43_8_fsbl_bp [bpadd -addr &XFsbl_Exit]
con -block -timeout 60
bpremove $bp_43_8_fsbl_bp
targets -set -nocase -filter {name =~ "*A53*#0"}
rst -processor
dow /home/me/Workspace/Hardware/Vitis/DMA_Loop/xaxidma_example_simple_poll_1/Debug/xaxidma_example_simple_poll_1.elf
configparams force-mem-access 0
----------------End of Script----------------

14:43:09 INFO  : Context for processor 'psu_cortexa53_0' is selected.
14:43:09 INFO  : 'con' command is executed.
14:43:09 INFO  : ----------------XSDB Script (After Launch)----------------
targets -set -nocase -filter {name =~ "*A53*#0"}
con
----------------End of Script----------------

14:43:09 INFO  : Launch script is exported to file '/home/me/Workspace/Hardware/Vitis/DMA_Loop/xaxidma_example_simple_poll_1_system/_ide/scripts/systemdebugger_xaxidma_example_simple_poll_1_system_standalone.tcl'
14:44:52 INFO  : Disconnected from the channel tcfchan#2.
14:44:53 INFO  : Connected to target on host '127.0.0.1' and port '3121'.
14:44:53 INFO  : Jtag cable 'Digilent JTAG-HS1 210512180081' is selected.
14:44:53 INFO  : 'jtag frequency' command is executed.
14:44:53 INFO  : Sourcing of '/tools/Xilinx/Vitis/2021.2/scripts/vitis/util/zynqmp_utils.tcl' is done.
14:44:53 INFO  : Context for 'APU' is selected.
14:44:53 INFO  : System reset is completed.
14:44:56 INFO  : 'after 3000' command is executed.
14:44:56 INFO  : 'targets -set -filter {jtag_cable_name =~ "Digilent JTAG-HS1 210512180081" && level==0 && jtag_device_ctx=="jsn-JTAG-HS1-210512180081-14711093-0"}' command is executed.
14:45:01 INFO  : Device configured successfully with "/home/me/Workspace/Hardware/Vitis/DMA_Loop/xaxidma_example_simple_poll_1/_ide/bitstream/design_1_wrapper.bit"
14:45:01 INFO  : Context for 'APU' is selected.
14:45:01 INFO  : Hardware design and registers information is loaded from '/home/me/Workspace/Hardware/Vitis/DMA_Loop/DMA_Test/export/DMA_Test/hw/design_1_wrapper.xsa'.
14:45:01 INFO  : 'configparams force-mem-access 1' command is executed.
14:45:01 INFO  : Context for 'APU' is selected.
14:45:01 INFO  : Boot mode is read from the target.
14:45:01 INFO  : Context for processor 'psu_cortexa53_0' is selected.
14:45:01 INFO  : Processor reset is completed for 'psu_cortexa53_0'.
14:45:02 INFO  : The application '/home/me/Workspace/Hardware/Vitis/DMA_Loop/DMA_Test/export/DMA_Test/sw/DMA_Test/boot/fsbl.elf' is downloaded to processor 'psu_cortexa53_0'.
14:45:02 INFO  : 'set bp_45_2_fsbl_bp [bpadd -addr &XFsbl_Exit]' command is executed.
14:45:03 INFO  : 'con -block -timeout 60' command is executed.
14:45:03 INFO  : 'bpremove $bp_45_2_fsbl_bp' command is executed.
14:45:03 INFO  : Context for processor 'psu_cortexa53_0' is selected.
14:45:03 INFO  : Processor reset is completed for 'psu_cortexa53_0'.
14:45:03 INFO  : The application '/home/me/Workspace/Hardware/Vitis/DMA_Loop/xaxidma_example_simple_poll_1/Debug/xaxidma_example_simple_poll_1.elf' is downloaded to processor 'psu_cortexa53_0'.
14:45:03 INFO  : 'configparams force-mem-access 0' command is executed.
14:45:03 INFO  : ----------------XSDB Script----------------
connect -url tcp:127.0.0.1:3121
source /tools/Xilinx/Vitis/2021.2/scripts/vitis/util/zynqmp_utils.tcl
targets -set -nocase -filter {name =~"APU*"}
rst -system
after 3000
targets -set -filter {jtag_cable_name =~ "Digilent JTAG-HS1 210512180081" && level==0 && jtag_device_ctx=="jsn-JTAG-HS1-210512180081-14711093-0"}
fpga -file /home/me/Workspace/Hardware/Vitis/DMA_Loop/xaxidma_example_simple_poll_1/_ide/bitstream/design_1_wrapper.bit
targets -set -nocase -filter {name =~"APU*"}
loadhw -hw /home/me/Workspace/Hardware/Vitis/DMA_Loop/DMA_Test/export/DMA_Test/hw/design_1_wrapper.xsa -mem-ranges [list {0x80000000 0xbfffffff} {0x400000000 0x5ffffffff} {0x1000000000 0x7fffffffff}] -regs
configparams force-mem-access 1
targets -set -nocase -filter {name =~"APU*"}
set mode [expr [mrd -value 0xFF5E0200] & 0xf]
targets -set -nocase -filter {name =~ "*A53*#0"}
rst -processor
dow /home/me/Workspace/Hardware/Vitis/DMA_Loop/DMA_Test/export/DMA_Test/sw/DMA_Test/boot/fsbl.elf
set bp_45_2_fsbl_bp [bpadd -addr &XFsbl_Exit]
con -block -timeout 60
bpremove $bp_45_2_fsbl_bp
targets -set -nocase -filter {name =~ "*A53*#0"}
rst -processor
dow /home/me/Workspace/Hardware/Vitis/DMA_Loop/xaxidma_example_simple_poll_1/Debug/xaxidma_example_simple_poll_1.elf
configparams force-mem-access 0
----------------End of Script----------------

14:45:03 INFO  : Context for processor 'psu_cortexa53_0' is selected.
14:45:03 INFO  : 'con' command is executed.
14:45:03 INFO  : ----------------XSDB Script (After Launch)----------------
targets -set -nocase -filter {name =~ "*A53*#0"}
con
----------------End of Script----------------

14:45:03 INFO  : Launch script is exported to file '/home/me/Workspace/Hardware/Vitis/DMA_Loop/xaxidma_example_simple_poll_1_system/_ide/scripts/debugger_xaxidma_example_simple_poll_1-default.tcl'
14:45:41 INFO  : Disconnected from the channel tcfchan#3.
14:45:42 INFO  : Connected to target on host '127.0.0.1' and port '3121'.
14:45:42 INFO  : Jtag cable 'Digilent JTAG-HS1 210512180081' is selected.
14:45:42 INFO  : 'jtag frequency' command is executed.
14:45:42 INFO  : Sourcing of '/tools/Xilinx/Vitis/2021.2/scripts/vitis/util/zynqmp_utils.tcl' is done.
14:45:42 INFO  : Context for 'APU' is selected.
14:45:43 INFO  : System reset is completed.
14:45:46 INFO  : 'after 3000' command is executed.
14:45:46 INFO  : 'targets -set -filter {jtag_cable_name =~ "Digilent JTAG-HS1 210512180081" && level==0 && jtag_device_ctx=="jsn-JTAG-HS1-210512180081-14711093-0"}' command is executed.
14:45:50 INFO  : Device configured successfully with "/home/me/Workspace/Hardware/Vitis/DMA_Loop/xaxidma_example_simple_poll_1/_ide/bitstream/design_1_wrapper.bit"
14:45:51 INFO  : Context for 'APU' is selected.
14:45:51 INFO  : Hardware design and registers information is loaded from '/home/me/Workspace/Hardware/Vitis/DMA_Loop/DMA_Test/export/DMA_Test/hw/design_1_wrapper.xsa'.
14:45:51 INFO  : 'configparams force-mem-access 1' command is executed.
14:45:51 INFO  : Context for 'APU' is selected.
14:45:51 INFO  : Boot mode is read from the target.
14:45:51 INFO  : Context for processor 'psu_cortexa53_0' is selected.
14:45:51 INFO  : Processor reset is completed for 'psu_cortexa53_0'.
14:45:51 INFO  : The application '/home/me/Workspace/Hardware/Vitis/DMA_Loop/DMA_Test/export/DMA_Test/sw/DMA_Test/boot/fsbl.elf' is downloaded to processor 'psu_cortexa53_0'.
14:45:51 INFO  : 'set bp_45_51_fsbl_bp [bpadd -addr &XFsbl_Exit]' command is executed.
14:45:52 INFO  : 'con -block -timeout 60' command is executed.
14:45:52 INFO  : 'bpremove $bp_45_51_fsbl_bp' command is executed.
14:45:52 INFO  : Context for processor 'psu_cortexa53_0' is selected.
14:45:52 INFO  : Processor reset is completed for 'psu_cortexa53_0'.
14:45:53 INFO  : The application '/home/me/Workspace/Hardware/Vitis/DMA_Loop/xaxidma_example_simple_poll_1/Debug/xaxidma_example_simple_poll_1.elf' is downloaded to processor 'psu_cortexa53_0'.
14:45:53 INFO  : 'configparams force-mem-access 0' command is executed.
14:45:53 INFO  : ----------------XSDB Script----------------
connect -url tcp:127.0.0.1:3121
source /tools/Xilinx/Vitis/2021.2/scripts/vitis/util/zynqmp_utils.tcl
targets -set -nocase -filter {name =~"APU*"}
rst -system
after 3000
targets -set -filter {jtag_cable_name =~ "Digilent JTAG-HS1 210512180081" && level==0 && jtag_device_ctx=="jsn-JTAG-HS1-210512180081-14711093-0"}
fpga -file /home/me/Workspace/Hardware/Vitis/DMA_Loop/xaxidma_example_simple_poll_1/_ide/bitstream/design_1_wrapper.bit
targets -set -nocase -filter {name =~"APU*"}
loadhw -hw /home/me/Workspace/Hardware/Vitis/DMA_Loop/DMA_Test/export/DMA_Test/hw/design_1_wrapper.xsa -mem-ranges [list {0x80000000 0xbfffffff} {0x400000000 0x5ffffffff} {0x1000000000 0x7fffffffff}] -regs
configparams force-mem-access 1
targets -set -nocase -filter {name =~"APU*"}
set mode [expr [mrd -value 0xFF5E0200] & 0xf]
targets -set -nocase -filter {name =~ "*A53*#0"}
rst -processor
dow /home/me/Workspace/Hardware/Vitis/DMA_Loop/DMA_Test/export/DMA_Test/sw/DMA_Test/boot/fsbl.elf
set bp_45_51_fsbl_bp [bpadd -addr &XFsbl_Exit]
con -block -timeout 60
bpremove $bp_45_51_fsbl_bp
targets -set -nocase -filter {name =~ "*A53*#0"}
rst -processor
dow /home/me/Workspace/Hardware/Vitis/DMA_Loop/xaxidma_example_simple_poll_1/Debug/xaxidma_example_simple_poll_1.elf
configparams force-mem-access 0
----------------End of Script----------------

14:45:53 INFO  : Context for processor 'psu_cortexa53_0' is selected.
14:45:53 INFO  : 'con' command is executed.
14:45:53 INFO  : ----------------XSDB Script (After Launch)----------------
targets -set -nocase -filter {name =~ "*A53*#0"}
con
----------------End of Script----------------

14:45:53 INFO  : Launch script is exported to file '/home/me/Workspace/Hardware/Vitis/DMA_Loop/xaxidma_example_simple_poll_1_system/_ide/scripts/debugger_xaxidma_example_simple_poll_1-default.tcl'
14:52:25 INFO  : Disconnected from the channel tcfchan#4.
14:52:26 INFO  : Connected to target on host '127.0.0.1' and port '3121'.
14:52:26 INFO  : Jtag cable 'Digilent JTAG-HS1 210512180081' is selected.
14:52:26 INFO  : 'jtag frequency' command is executed.
14:52:26 INFO  : Sourcing of '/tools/Xilinx/Vitis/2021.2/scripts/vitis/util/zynqmp_utils.tcl' is done.
14:52:26 INFO  : Context for 'APU' is selected.
14:52:26 INFO  : System reset is completed.
14:52:29 INFO  : 'after 3000' command is executed.
14:52:29 INFO  : 'targets -set -filter {jtag_cable_name =~ "Digilent JTAG-HS1 210512180081" && level==0 && jtag_device_ctx=="jsn-JTAG-HS1-210512180081-14711093-0"}' command is executed.
14:52:34 INFO  : Device configured successfully with "/home/me/Workspace/Hardware/Vitis/DMA_Loop/xaxidma_example_simple_poll_1/_ide/bitstream/design_1_wrapper.bit"
14:52:34 INFO  : Context for 'APU' is selected.
14:52:34 INFO  : Hardware design and registers information is loaded from '/home/me/Workspace/Hardware/Vitis/DMA_Loop/DMA_Test/export/DMA_Test/hw/design_1_wrapper.xsa'.
14:52:34 INFO  : 'configparams force-mem-access 1' command is executed.
14:52:34 INFO  : Context for 'APU' is selected.
14:52:34 INFO  : Boot mode is read from the target.
14:52:34 INFO  : Context for processor 'psu_cortexa53_0' is selected.
14:52:34 INFO  : Processor reset is completed for 'psu_cortexa53_0'.
14:52:35 INFO  : The application '/home/me/Workspace/Hardware/Vitis/DMA_Loop/DMA_Test/export/DMA_Test/sw/DMA_Test/boot/fsbl.elf' is downloaded to processor 'psu_cortexa53_0'.
14:52:35 INFO  : 'set bp_52_35_fsbl_bp [bpadd -addr &XFsbl_Exit]' command is executed.
14:52:36 INFO  : 'con -block -timeout 60' command is executed.
14:52:36 INFO  : 'bpremove $bp_52_35_fsbl_bp' command is executed.
14:52:36 INFO  : Context for processor 'psu_cortexa53_0' is selected.
14:52:36 INFO  : Processor reset is completed for 'psu_cortexa53_0'.
14:52:36 INFO  : The application '/home/me/Workspace/Hardware/Vitis/DMA_Loop/xaxidma_example_simple_poll_1/Debug/xaxidma_example_simple_poll_1.elf' is downloaded to processor 'psu_cortexa53_0'.
14:52:36 INFO  : 'configparams force-mem-access 0' command is executed.
14:52:36 INFO  : ----------------XSDB Script----------------
connect -url tcp:127.0.0.1:3121
source /tools/Xilinx/Vitis/2021.2/scripts/vitis/util/zynqmp_utils.tcl
targets -set -nocase -filter {name =~"APU*"}
rst -system
after 3000
targets -set -filter {jtag_cable_name =~ "Digilent JTAG-HS1 210512180081" && level==0 && jtag_device_ctx=="jsn-JTAG-HS1-210512180081-14711093-0"}
fpga -file /home/me/Workspace/Hardware/Vitis/DMA_Loop/xaxidma_example_simple_poll_1/_ide/bitstream/design_1_wrapper.bit
targets -set -nocase -filter {name =~"APU*"}
loadhw -hw /home/me/Workspace/Hardware/Vitis/DMA_Loop/DMA_Test/export/DMA_Test/hw/design_1_wrapper.xsa -mem-ranges [list {0x80000000 0xbfffffff} {0x400000000 0x5ffffffff} {0x1000000000 0x7fffffffff}] -regs
configparams force-mem-access 1
targets -set -nocase -filter {name =~"APU*"}
set mode [expr [mrd -value 0xFF5E0200] & 0xf]
targets -set -nocase -filter {name =~ "*A53*#0"}
rst -processor
dow /home/me/Workspace/Hardware/Vitis/DMA_Loop/DMA_Test/export/DMA_Test/sw/DMA_Test/boot/fsbl.elf
set bp_52_35_fsbl_bp [bpadd -addr &XFsbl_Exit]
con -block -timeout 60
bpremove $bp_52_35_fsbl_bp
targets -set -nocase -filter {name =~ "*A53*#0"}
rst -processor
dow /home/me/Workspace/Hardware/Vitis/DMA_Loop/xaxidma_example_simple_poll_1/Debug/xaxidma_example_simple_poll_1.elf
configparams force-mem-access 0
----------------End of Script----------------

14:52:36 INFO  : Context for processor 'psu_cortexa53_0' is selected.
14:52:36 INFO  : 'con' command is executed.
14:52:36 INFO  : ----------------XSDB Script (After Launch)----------------
targets -set -nocase -filter {name =~ "*A53*#0"}
con
----------------End of Script----------------

14:52:36 INFO  : Launch script is exported to file '/home/me/Workspace/Hardware/Vitis/DMA_Loop/xaxidma_example_simple_poll_1_system/_ide/scripts/debugger_xaxidma_example_simple_poll_1-default.tcl'
14:53:24 INFO  : Disconnected from the channel tcfchan#5.
14:53:25 INFO  : Connected to target on host '127.0.0.1' and port '3121'.
14:53:25 INFO  : Jtag cable 'Digilent JTAG-HS1 210512180081' is selected.
14:53:25 INFO  : 'jtag frequency' command is executed.
14:53:25 INFO  : Sourcing of '/tools/Xilinx/Vitis/2021.2/scripts/vitis/util/zynqmp_utils.tcl' is done.
14:53:25 INFO  : Context for 'APU' is selected.
14:53:25 INFO  : System reset is completed.
14:53:28 INFO  : 'after 3000' command is executed.
14:53:29 INFO  : 'targets -set -filter {jtag_cable_name =~ "Digilent JTAG-HS1 210512180081" && level==0 && jtag_device_ctx=="jsn-JTAG-HS1-210512180081-14711093-0"}' command is executed.
14:53:33 INFO  : Device configured successfully with "/home/me/Workspace/Hardware/Vitis/DMA_Loop/xaxidma_example_simple_poll_1/_ide/bitstream/design_1_wrapper.bit"
14:53:33 INFO  : Context for 'APU' is selected.
14:53:33 INFO  : Hardware design and registers information is loaded from '/home/me/Workspace/Hardware/Vitis/DMA_Loop/DMA_Test/export/DMA_Test/hw/design_1_wrapper.xsa'.
14:53:33 INFO  : 'configparams force-mem-access 1' command is executed.
14:53:33 INFO  : Context for 'APU' is selected.
14:53:33 INFO  : Boot mode is read from the target.
14:53:33 INFO  : Context for processor 'psu_cortexa53_0' is selected.
14:53:33 INFO  : Processor reset is completed for 'psu_cortexa53_0'.
14:53:34 INFO  : The application '/home/me/Workspace/Hardware/Vitis/DMA_Loop/DMA_Test/export/DMA_Test/sw/DMA_Test/boot/fsbl.elf' is downloaded to processor 'psu_cortexa53_0'.
14:53:34 INFO  : 'set bp_53_34_fsbl_bp [bpadd -addr &XFsbl_Exit]' command is executed.
14:53:35 INFO  : 'con -block -timeout 60' command is executed.
14:53:35 INFO  : 'bpremove $bp_53_34_fsbl_bp' command is executed.
14:53:35 INFO  : Context for processor 'psu_cortexa53_0' is selected.
14:53:35 INFO  : Processor reset is completed for 'psu_cortexa53_0'.
14:53:35 INFO  : The application '/home/me/Workspace/Hardware/Vitis/DMA_Loop/xaxidma_example_simple_poll_1/Debug/xaxidma_example_simple_poll_1.elf' is downloaded to processor 'psu_cortexa53_0'.
14:53:35 INFO  : 'configparams force-mem-access 0' command is executed.
14:53:35 INFO  : ----------------XSDB Script----------------
connect -url tcp:127.0.0.1:3121
source /tools/Xilinx/Vitis/2021.2/scripts/vitis/util/zynqmp_utils.tcl
targets -set -nocase -filter {name =~"APU*"}
rst -system
after 3000
targets -set -filter {jtag_cable_name =~ "Digilent JTAG-HS1 210512180081" && level==0 && jtag_device_ctx=="jsn-JTAG-HS1-210512180081-14711093-0"}
fpga -file /home/me/Workspace/Hardware/Vitis/DMA_Loop/xaxidma_example_simple_poll_1/_ide/bitstream/design_1_wrapper.bit
targets -set -nocase -filter {name =~"APU*"}
loadhw -hw /home/me/Workspace/Hardware/Vitis/DMA_Loop/DMA_Test/export/DMA_Test/hw/design_1_wrapper.xsa -mem-ranges [list {0x80000000 0xbfffffff} {0x400000000 0x5ffffffff} {0x1000000000 0x7fffffffff}] -regs
configparams force-mem-access 1
targets -set -nocase -filter {name =~"APU*"}
set mode [expr [mrd -value 0xFF5E0200] & 0xf]
targets -set -nocase -filter {name =~ "*A53*#0"}
rst -processor
dow /home/me/Workspace/Hardware/Vitis/DMA_Loop/DMA_Test/export/DMA_Test/sw/DMA_Test/boot/fsbl.elf
set bp_53_34_fsbl_bp [bpadd -addr &XFsbl_Exit]
con -block -timeout 60
bpremove $bp_53_34_fsbl_bp
targets -set -nocase -filter {name =~ "*A53*#0"}
rst -processor
dow /home/me/Workspace/Hardware/Vitis/DMA_Loop/xaxidma_example_simple_poll_1/Debug/xaxidma_example_simple_poll_1.elf
configparams force-mem-access 0
----------------End of Script----------------

14:53:35 INFO  : Context for processor 'psu_cortexa53_0' is selected.
14:53:35 INFO  : 'con' command is executed.
14:53:35 INFO  : ----------------XSDB Script (After Launch)----------------
targets -set -nocase -filter {name =~ "*A53*#0"}
con
----------------End of Script----------------

14:53:35 INFO  : Launch script is exported to file '/home/me/Workspace/Hardware/Vitis/DMA_Loop/xaxidma_example_simple_poll_1_system/_ide/scripts/debugger_xaxidma_example_simple_poll_1-default.tcl'
14:56:19 INFO  : Checking for BSP changes to sync application flags for project 'xaxidma_example_simple_poll_1'...
14:56:32 INFO  : Disconnected from the channel tcfchan#6.
14:56:33 INFO  : Connected to target on host '127.0.0.1' and port '3121'.
14:56:33 INFO  : Jtag cable 'Digilent JTAG-HS1 210512180081' is selected.
14:56:33 INFO  : 'jtag frequency' command is executed.
14:56:33 INFO  : Sourcing of '/tools/Xilinx/Vitis/2021.2/scripts/vitis/util/zynqmp_utils.tcl' is done.
14:56:33 INFO  : Context for 'APU' is selected.
14:56:33 INFO  : System reset is completed.
14:56:36 INFO  : 'after 3000' command is executed.
14:56:36 INFO  : 'targets -set -filter {jtag_cable_name =~ "Digilent JTAG-HS1 210512180081" && level==0 && jtag_device_ctx=="jsn-JTAG-HS1-210512180081-14711093-0"}' command is executed.
14:56:41 INFO  : Device configured successfully with "/home/me/Workspace/Hardware/Vitis/DMA_Loop/xaxidma_example_simple_poll_1/_ide/bitstream/design_1_wrapper.bit"
14:56:41 INFO  : Context for 'APU' is selected.
14:56:41 INFO  : Hardware design and registers information is loaded from '/home/me/Workspace/Hardware/Vitis/DMA_Loop/DMA_Test/export/DMA_Test/hw/design_1_wrapper.xsa'.
14:56:41 INFO  : 'configparams force-mem-access 1' command is executed.
14:56:41 INFO  : Context for 'APU' is selected.
14:56:41 INFO  : Boot mode is read from the target.
14:56:41 INFO  : Context for processor 'psu_cortexa53_0' is selected.
14:56:41 INFO  : Processor reset is completed for 'psu_cortexa53_0'.
14:56:41 INFO  : The application '/home/me/Workspace/Hardware/Vitis/DMA_Loop/DMA_Test/export/DMA_Test/sw/DMA_Test/boot/fsbl.elf' is downloaded to processor 'psu_cortexa53_0'.
14:56:41 INFO  : 'set bp_56_41_fsbl_bp [bpadd -addr &XFsbl_Exit]' command is executed.
14:56:43 INFO  : 'con -block -timeout 60' command is executed.
14:56:43 INFO  : 'bpremove $bp_56_41_fsbl_bp' command is executed.
14:56:43 INFO  : Context for processor 'psu_cortexa53_0' is selected.
14:56:43 INFO  : Processor reset is completed for 'psu_cortexa53_0'.
14:56:43 INFO  : The application '/home/me/Workspace/Hardware/Vitis/DMA_Loop/xaxidma_example_simple_poll_1/Debug/xaxidma_example_simple_poll_1.elf' is downloaded to processor 'psu_cortexa53_0'.
14:56:43 INFO  : 'configparams force-mem-access 0' command is executed.
14:56:43 INFO  : ----------------XSDB Script----------------
connect -url tcp:127.0.0.1:3121
source /tools/Xilinx/Vitis/2021.2/scripts/vitis/util/zynqmp_utils.tcl
targets -set -nocase -filter {name =~"APU*"}
rst -system
after 3000
targets -set -filter {jtag_cable_name =~ "Digilent JTAG-HS1 210512180081" && level==0 && jtag_device_ctx=="jsn-JTAG-HS1-210512180081-14711093-0"}
fpga -file /home/me/Workspace/Hardware/Vitis/DMA_Loop/xaxidma_example_simple_poll_1/_ide/bitstream/design_1_wrapper.bit
targets -set -nocase -filter {name =~"APU*"}
loadhw -hw /home/me/Workspace/Hardware/Vitis/DMA_Loop/DMA_Test/export/DMA_Test/hw/design_1_wrapper.xsa -mem-ranges [list {0x80000000 0xbfffffff} {0x400000000 0x5ffffffff} {0x1000000000 0x7fffffffff}] -regs
configparams force-mem-access 1
targets -set -nocase -filter {name =~"APU*"}
set mode [expr [mrd -value 0xFF5E0200] & 0xf]
targets -set -nocase -filter {name =~ "*A53*#0"}
rst -processor
dow /home/me/Workspace/Hardware/Vitis/DMA_Loop/DMA_Test/export/DMA_Test/sw/DMA_Test/boot/fsbl.elf
set bp_56_41_fsbl_bp [bpadd -addr &XFsbl_Exit]
con -block -timeout 60
bpremove $bp_56_41_fsbl_bp
targets -set -nocase -filter {name =~ "*A53*#0"}
rst -processor
dow /home/me/Workspace/Hardware/Vitis/DMA_Loop/xaxidma_example_simple_poll_1/Debug/xaxidma_example_simple_poll_1.elf
configparams force-mem-access 0
----------------End of Script----------------

14:56:43 INFO  : Context for processor 'psu_cortexa53_0' is selected.
14:56:43 INFO  : 'con' command is executed.
14:56:43 INFO  : ----------------XSDB Script (After Launch)----------------
targets -set -nocase -filter {name =~ "*A53*#0"}
con
----------------End of Script----------------

14:56:43 INFO  : Launch script is exported to file '/home/me/Workspace/Hardware/Vitis/DMA_Loop/xaxidma_example_simple_poll_1_system/_ide/scripts/debugger_xaxidma_example_simple_poll_1-default.tcl'
14:59:02 INFO  : Disconnected from the channel tcfchan#8.
16:04:06 INFO  : Launching XSCT server: xsct -n  -interactive /home/me/Workspace/Hardware/Vitis/DMA_Loop/temp_xsdb_launch_script.tcl
16:04:07 INFO  : Platform repository initialization has completed.
16:04:07 INFO  : Registering command handlers for Vitis TCF services
16:04:08 INFO  : XSCT server has started successfully.
16:04:08 INFO  : plnx-install-location is set to ''
16:04:08 INFO  : Successfully done setting XSCT server connection channel  
16:04:08 INFO  : Successfully done setting workspace for the tool. 
16:04:08 INFO  : Successfully done query RDI_DATADIR 
