16:12:01 INFO  : Launching XSCT server: xsct -n  -interactive /home/me/Workspace/Hardware/Vitis/AN831/temp_xsdb_launch_script.tcl
16:12:01 INFO  : Platform repository initialization has completed.
16:12:01 INFO  : Registering command handlers for Vitis TCF services
16:12:03 INFO  : XSCT server has started successfully.
16:12:03 INFO  : plnx-install-location is set to ''
16:12:03 INFO  : Successfully done setting XSCT server connection channel  
16:12:03 INFO  : Successfully done query RDI_DATADIR 
16:12:03 INFO  : Successfully done setting workspace for the tool. 
16:12:45 INFO  : Result from executing command 'getProjects': audio_wrapper
16:12:45 INFO  : Result from executing command 'getPlatforms': 
16:12:45 WARN  : An unexpected exception occurred in the module 'platform project logging'
16:12:45 INFO  : Platform 'audio_wrapper' is added to custom repositories.
16:12:50 INFO  : Platform 'audio_wrapper' is added to custom repositories.
23:42:20 INFO  : Connected to target on host '127.0.0.1' and port '3121'.
23:42:20 INFO  : ----------------XSDB Script----------------
connect -url tcp:127.0.0.1:3121
----------------End of Script----------------

23:42:20 ERROR : Can't run initialization as FSBL file is not found in the platform. Please make sure that FSBL is generated in the platform.
23:42:44 INFO  : Result from executing command 'getProjects': audio_wrapper
23:42:44 INFO  : Result from executing command 'getPlatforms': audio_wrapper|/home/me/Workspace/Hardware/Vitis/AN831/audio_wrapper/export/audio_wrapper/audio_wrapper.xpfm
23:42:47 INFO  : Checking for BSP changes to sync application flags for project 'audio_play'...
23:44:27 INFO  : Result from executing command 'getProjects': audio_wrapper
23:44:27 INFO  : Result from executing command 'getPlatforms': audio_wrapper|/home/me/Workspace/Hardware/Vitis/AN831/audio_wrapper/export/audio_wrapper/audio_wrapper.xpfm
23:45:15 INFO  : Checking for BSP changes to sync application flags for project 'audio_play'...
23:45:19 INFO  : Updating application flags with new BSP settings...
23:45:19 INFO  : Successfully updated application flags for project audio_play.
23:45:39 INFO  : Checking for BSP changes to sync application flags for project 'audio_play'...
23:45:47 INFO  : Connected to target on host '127.0.0.1' and port '3121'.
23:45:47 INFO  : Jtag cable 'Digilent JTAG-HS1 210512180081' is selected.
23:45:47 INFO  : 'jtag frequency' command is executed.
23:45:47 INFO  : Sourcing of '/tools/Xilinx/Vitis/2021.2/scripts/vitis/util/zynqmp_utils.tcl' is done.
23:45:47 INFO  : Context for 'APU' is selected.
23:45:48 INFO  : System reset is completed.
23:45:51 INFO  : 'after 3000' command is executed.
23:45:51 INFO  : 'targets -set -filter {jtag_cable_name =~ "Digilent JTAG-HS1 210512180081" && level==0 && jtag_device_ctx=="jsn-JTAG-HS1-210512180081-14711093-0"}' command is executed.
23:45:56 INFO  : Device configured successfully with "/home/me/Workspace/Hardware/Vitis/AN831/audio_play/_ide/bitstream/audio_wrapper.bit"
23:45:56 INFO  : Context for 'APU' is selected.
23:45:56 INFO  : Hardware design and registers information is loaded from '/home/me/Workspace/Hardware/Vitis/AN831/audio_wrapper/export/audio_wrapper/hw/audio_wrapper.xsa'.
23:45:56 INFO  : 'configparams force-mem-access 1' command is executed.
23:45:56 INFO  : Context for 'APU' is selected.
23:45:56 INFO  : Boot mode is read from the target.
23:45:56 INFO  : Context for processor 'psu_cortexa53_0' is selected.
23:45:56 INFO  : Processor reset is completed for 'psu_cortexa53_0'.
23:45:57 INFO  : The application '/home/me/Workspace/Hardware/Vitis/AN831/audio_wrapper/export/audio_wrapper/sw/audio_wrapper/boot/fsbl.elf' is downloaded to processor 'psu_cortexa53_0'.
23:45:57 INFO  : 'set bp_45_57_fsbl_bp [bpadd -addr &XFsbl_Exit]' command is executed.
23:45:58 INFO  : 'con -block -timeout 60' command is executed.
23:45:58 INFO  : 'bpremove $bp_45_57_fsbl_bp' command is executed.
23:45:58 INFO  : Context for processor 'psu_cortexa53_0' is selected.
23:45:58 INFO  : Processor reset is completed for 'psu_cortexa53_0'.
23:45:58 INFO  : The application '/home/me/Workspace/Hardware/Vitis/AN831/audio_play/Debug/audio_play.elf' is downloaded to processor 'psu_cortexa53_0'.
23:45:58 INFO  : 'configparams force-mem-access 0' command is executed.
23:45:58 INFO  : ----------------XSDB Script----------------
connect -url tcp:127.0.0.1:3121
source /tools/Xilinx/Vitis/2021.2/scripts/vitis/util/zynqmp_utils.tcl
targets -set -nocase -filter {name =~"APU*"}
rst -system
after 3000
targets -set -filter {jtag_cable_name =~ "Digilent JTAG-HS1 210512180081" && level==0 && jtag_device_ctx=="jsn-JTAG-HS1-210512180081-14711093-0"}
fpga -file /home/me/Workspace/Hardware/Vitis/AN831/audio_play/_ide/bitstream/audio_wrapper.bit
targets -set -nocase -filter {name =~"APU*"}
loadhw -hw /home/me/Workspace/Hardware/Vitis/AN831/audio_wrapper/export/audio_wrapper/hw/audio_wrapper.xsa -mem-ranges [list {0x80000000 0xbfffffff} {0x400000000 0x5ffffffff} {0x1000000000 0x7fffffffff}] -regs
configparams force-mem-access 1
targets -set -nocase -filter {name =~"APU*"}
set mode [expr [mrd -value 0xFF5E0200] & 0xf]
targets -set -nocase -filter {name =~ "*A53*#0"}
rst -processor
dow /home/me/Workspace/Hardware/Vitis/AN831/audio_wrapper/export/audio_wrapper/sw/audio_wrapper/boot/fsbl.elf
set bp_45_57_fsbl_bp [bpadd -addr &XFsbl_Exit]
con -block -timeout 60
bpremove $bp_45_57_fsbl_bp
targets -set -nocase -filter {name =~ "*A53*#0"}
rst -processor
dow /home/me/Workspace/Hardware/Vitis/AN831/audio_play/Debug/audio_play.elf
configparams force-mem-access 0
----------------End of Script----------------

23:45:58 INFO  : Context for processor 'psu_cortexa53_0' is selected.
23:45:58 INFO  : 'con' command is executed.
23:45:58 INFO  : ----------------XSDB Script (After Launch)----------------
targets -set -nocase -filter {name =~ "*A53*#0"}
con
----------------End of Script----------------

23:45:58 INFO  : Launch script is exported to file '/home/me/Workspace/Hardware/Vitis/AN831/audio_play_system/_ide/scripts/debugger_audio_play-default.tcl'
23:47:11 INFO  : Disconnected from the channel tcfchan#1.
23:47:12 INFO  : Connected to target on host '127.0.0.1' and port '3121'.
23:47:12 INFO  : Jtag cable 'Digilent JTAG-HS1 210512180081' is selected.
23:47:12 INFO  : 'jtag frequency' command is executed.
23:47:12 INFO  : Sourcing of '/tools/Xilinx/Vitis/2021.2/scripts/vitis/util/zynqmp_utils.tcl' is done.
23:47:12 INFO  : Context for 'APU' is selected.
23:47:12 INFO  : System reset is completed.
23:47:15 INFO  : 'after 3000' command is executed.
23:47:16 INFO  : 'targets -set -filter {jtag_cable_name =~ "Digilent JTAG-HS1 210512180081" && level==0 && jtag_device_ctx=="jsn-JTAG-HS1-210512180081-14711093-0"}' command is executed.
23:47:20 INFO  : Device configured successfully with "/home/me/Workspace/Hardware/Vitis/AN831/audio_play/_ide/bitstream/audio_wrapper.bit"
23:47:20 INFO  : Context for 'APU' is selected.
23:47:20 INFO  : Hardware design and registers information is loaded from '/home/me/Workspace/Hardware/Vitis/AN831/audio_wrapper/export/audio_wrapper/hw/audio_wrapper.xsa'.
23:47:20 INFO  : 'configparams force-mem-access 1' command is executed.
23:47:20 INFO  : Context for 'APU' is selected.
23:47:20 INFO  : Boot mode is read from the target.
23:47:20 INFO  : Context for processor 'psu_cortexa53_0' is selected.
23:47:20 INFO  : Processor reset is completed for 'psu_cortexa53_0'.
23:47:21 INFO  : The application '/home/me/Workspace/Hardware/Vitis/AN831/audio_wrapper/export/audio_wrapper/sw/audio_wrapper/boot/fsbl.elf' is downloaded to processor 'psu_cortexa53_0'.
23:47:21 INFO  : 'set bp_47_21_fsbl_bp [bpadd -addr &XFsbl_Exit]' command is executed.
23:47:22 INFO  : 'con -block -timeout 60' command is executed.
23:47:22 INFO  : 'bpremove $bp_47_21_fsbl_bp' command is executed.
23:47:22 INFO  : Context for processor 'psu_cortexa53_0' is selected.
23:47:22 INFO  : Processor reset is completed for 'psu_cortexa53_0'.
23:47:23 INFO  : The application '/home/me/Workspace/Hardware/Vitis/AN831/audio_play/Debug/audio_play.elf' is downloaded to processor 'psu_cortexa53_0'.
23:47:23 INFO  : 'configparams force-mem-access 0' command is executed.
23:47:23 INFO  : ----------------XSDB Script----------------
connect -url tcp:127.0.0.1:3121
source /tools/Xilinx/Vitis/2021.2/scripts/vitis/util/zynqmp_utils.tcl
targets -set -nocase -filter {name =~"APU*"}
rst -system
after 3000
targets -set -filter {jtag_cable_name =~ "Digilent JTAG-HS1 210512180081" && level==0 && jtag_device_ctx=="jsn-JTAG-HS1-210512180081-14711093-0"}
fpga -file /home/me/Workspace/Hardware/Vitis/AN831/audio_play/_ide/bitstream/audio_wrapper.bit
targets -set -nocase -filter {name =~"APU*"}
loadhw -hw /home/me/Workspace/Hardware/Vitis/AN831/audio_wrapper/export/audio_wrapper/hw/audio_wrapper.xsa -mem-ranges [list {0x80000000 0xbfffffff} {0x400000000 0x5ffffffff} {0x1000000000 0x7fffffffff}] -regs
configparams force-mem-access 1
targets -set -nocase -filter {name =~"APU*"}
set mode [expr [mrd -value 0xFF5E0200] & 0xf]
targets -set -nocase -filter {name =~ "*A53*#0"}
rst -processor
dow /home/me/Workspace/Hardware/Vitis/AN831/audio_wrapper/export/audio_wrapper/sw/audio_wrapper/boot/fsbl.elf
set bp_47_21_fsbl_bp [bpadd -addr &XFsbl_Exit]
con -block -timeout 60
bpremove $bp_47_21_fsbl_bp
targets -set -nocase -filter {name =~ "*A53*#0"}
rst -processor
dow /home/me/Workspace/Hardware/Vitis/AN831/audio_play/Debug/audio_play.elf
configparams force-mem-access 0
----------------End of Script----------------

23:47:23 INFO  : Context for processor 'psu_cortexa53_0' is selected.
23:47:23 INFO  : 'con' command is executed.
23:47:23 INFO  : ----------------XSDB Script (After Launch)----------------
targets -set -nocase -filter {name =~ "*A53*#0"}
con
----------------End of Script----------------

23:47:23 INFO  : Launch script is exported to file '/home/me/Workspace/Hardware/Vitis/AN831/audio_play_system/_ide/scripts/debugger_audio_play-default.tcl'
23:48:38 INFO  : Disconnected from the channel tcfchan#4.
23:48:39 INFO  : Connected to target on host '127.0.0.1' and port '3121'.
23:48:48 INFO  : ----------------XSDB Script----------------
connect -url tcp:127.0.0.1:3121
----------------End of Script----------------

23:48:48 ERROR : Could not find ARM device on the board for connection 'Local'.
Check if the target is in:
1. Split JTAG - No operations are possible with ARM DAP.
2. Non JTAG bootmode - Bootrom may need time to enable DAP.
Please try again.


Troubleshooting hints:
1. Check whether board is connected to system properly.
2. In case of zynq board, check whether Digilent/Xilinx cable switch settings are correct.
3. If you are using Xilinx Platform Cable USB, ensure that status LED is green.
23:49:02 INFO  : Checking for BSP changes to sync application flags for project 'audio_play'...
23:49:12 INFO  : Connected to target on host '127.0.0.1' and port '3121'.
23:49:12 INFO  : Jtag cable 'Digilent JTAG-HS1 210512180081' is selected.
23:49:12 INFO  : 'jtag frequency' command is executed.
23:49:12 INFO  : Sourcing of '/tools/Xilinx/Vitis/2021.2/scripts/vitis/util/zynqmp_utils.tcl' is done.
23:49:12 INFO  : Context for 'APU' is selected.
23:49:12 INFO  : System reset is completed.
23:49:15 INFO  : 'after 3000' command is executed.
23:49:15 INFO  : 'targets -set -filter {jtag_cable_name =~ "Digilent JTAG-HS1 210512180081" && level==0 && jtag_device_ctx=="jsn-JTAG-HS1-210512180081-14711093-0"}' command is executed.
23:49:20 INFO  : Device configured successfully with "/home/me/Workspace/Hardware/Vitis/AN831/audio_play/_ide/bitstream/audio_wrapper.bit"
23:49:20 INFO  : Context for 'APU' is selected.
23:49:20 INFO  : Hardware design and registers information is loaded from '/home/me/Workspace/Hardware/Vitis/AN831/audio_wrapper/export/audio_wrapper/hw/audio_wrapper.xsa'.
23:49:20 INFO  : 'configparams force-mem-access 1' command is executed.
23:49:20 INFO  : Context for 'APU' is selected.
23:49:20 INFO  : Boot mode is read from the target.
23:49:20 INFO  : Context for processor 'psu_cortexa53_0' is selected.
23:49:20 INFO  : Processor reset is completed for 'psu_cortexa53_0'.
23:49:21 INFO  : The application '/home/me/Workspace/Hardware/Vitis/AN831/audio_wrapper/export/audio_wrapper/sw/audio_wrapper/boot/fsbl.elf' is downloaded to processor 'psu_cortexa53_0'.
23:49:21 INFO  : 'set bp_49_21_fsbl_bp [bpadd -addr &XFsbl_Exit]' command is executed.
23:49:22 INFO  : 'con -block -timeout 60' command is executed.
23:49:22 INFO  : 'bpremove $bp_49_21_fsbl_bp' command is executed.
23:49:22 INFO  : Context for processor 'psu_cortexa53_0' is selected.
23:49:22 INFO  : Processor reset is completed for 'psu_cortexa53_0'.
23:49:23 INFO  : The application '/home/me/Workspace/Hardware/Vitis/AN831/audio_play/Debug/audio_play.elf' is downloaded to processor 'psu_cortexa53_0'.
23:49:23 INFO  : 'configparams force-mem-access 0' command is executed.
23:49:23 INFO  : ----------------XSDB Script----------------
connect -url tcp:127.0.0.1:3121
source /tools/Xilinx/Vitis/2021.2/scripts/vitis/util/zynqmp_utils.tcl
targets -set -nocase -filter {name =~"APU*"}
rst -system
after 3000
targets -set -filter {jtag_cable_name =~ "Digilent JTAG-HS1 210512180081" && level==0 && jtag_device_ctx=="jsn-JTAG-HS1-210512180081-14711093-0"}
fpga -file /home/me/Workspace/Hardware/Vitis/AN831/audio_play/_ide/bitstream/audio_wrapper.bit
targets -set -nocase -filter {name =~"APU*"}
loadhw -hw /home/me/Workspace/Hardware/Vitis/AN831/audio_wrapper/export/audio_wrapper/hw/audio_wrapper.xsa -mem-ranges [list {0x80000000 0xbfffffff} {0x400000000 0x5ffffffff} {0x1000000000 0x7fffffffff}] -regs
configparams force-mem-access 1
targets -set -nocase -filter {name =~"APU*"}
set mode [expr [mrd -value 0xFF5E0200] & 0xf]
targets -set -nocase -filter {name =~ "*A53*#0"}
rst -processor
dow /home/me/Workspace/Hardware/Vitis/AN831/audio_wrapper/export/audio_wrapper/sw/audio_wrapper/boot/fsbl.elf
set bp_49_21_fsbl_bp [bpadd -addr &XFsbl_Exit]
con -block -timeout 60
bpremove $bp_49_21_fsbl_bp
targets -set -nocase -filter {name =~ "*A53*#0"}
rst -processor
dow /home/me/Workspace/Hardware/Vitis/AN831/audio_play/Debug/audio_play.elf
configparams force-mem-access 0
----------------End of Script----------------

23:49:23 INFO  : Context for processor 'psu_cortexa53_0' is selected.
23:49:23 INFO  : 'con' command is executed.
23:49:23 INFO  : ----------------XSDB Script (After Launch)----------------
targets -set -nocase -filter {name =~ "*A53*#0"}
con
----------------End of Script----------------

23:49:23 INFO  : Launch script is exported to file '/home/me/Workspace/Hardware/Vitis/AN831/audio_play_system/_ide/scripts/debugger_audio_play-default.tcl'
23:52:49 INFO  : Disconnected from the channel tcfchan#5.
23:52:50 INFO  : Connected to target on host '127.0.0.1' and port '3121'.
23:52:51 INFO  : Jtag cable 'Digilent JTAG-HS1 210512180081' is selected.
23:52:51 INFO  : 'jtag frequency' command is executed.
23:52:51 INFO  : Sourcing of '/tools/Xilinx/Vitis/2021.2/scripts/vitis/util/zynqmp_utils.tcl' is done.
23:52:51 INFO  : Context for 'APU' is selected.
23:52:51 INFO  : System reset is completed.
23:52:54 INFO  : 'after 3000' command is executed.
23:52:54 INFO  : 'targets -set -filter {jtag_cable_name =~ "Digilent JTAG-HS1 210512180081" && level==0 && jtag_device_ctx=="jsn-JTAG-HS1-210512180081-14711093-0"}' command is executed.
23:52:58 INFO  : Device configured successfully with "/home/me/Workspace/Hardware/Vitis/AN831/audio_play/_ide/bitstream/audio_wrapper.bit"
23:52:58 INFO  : Context for 'APU' is selected.
23:52:59 INFO  : Hardware design and registers information is loaded from '/home/me/Workspace/Hardware/Vitis/AN831/audio_wrapper/export/audio_wrapper/hw/audio_wrapper.xsa'.
23:52:59 INFO  : 'configparams force-mem-access 1' command is executed.
23:52:59 INFO  : Context for 'APU' is selected.
23:52:59 INFO  : Boot mode is read from the target.
23:52:59 INFO  : Context for processor 'psu_cortexa53_0' is selected.
23:52:59 INFO  : Processor reset is completed for 'psu_cortexa53_0'.
23:52:59 INFO  : The application '/home/me/Workspace/Hardware/Vitis/AN831/audio_wrapper/export/audio_wrapper/sw/audio_wrapper/boot/fsbl.elf' is downloaded to processor 'psu_cortexa53_0'.
23:52:59 INFO  : 'set bp_52_59_fsbl_bp [bpadd -addr &XFsbl_Exit]' command is executed.
23:53:00 INFO  : 'con -block -timeout 60' command is executed.
23:53:00 INFO  : 'bpremove $bp_52_59_fsbl_bp' command is executed.
23:53:00 INFO  : Context for processor 'psu_cortexa53_0' is selected.
23:53:00 INFO  : Processor reset is completed for 'psu_cortexa53_0'.
23:53:01 INFO  : The application '/home/me/Workspace/Hardware/Vitis/AN831/audio_play/Debug/audio_play.elf' is downloaded to processor 'psu_cortexa53_0'.
23:53:01 INFO  : 'configparams force-mem-access 0' command is executed.
23:53:01 INFO  : ----------------XSDB Script----------------
connect -url tcp:127.0.0.1:3121
source /tools/Xilinx/Vitis/2021.2/scripts/vitis/util/zynqmp_utils.tcl
targets -set -nocase -filter {name =~"APU*"}
rst -system
after 3000
targets -set -filter {jtag_cable_name =~ "Digilent JTAG-HS1 210512180081" && level==0 && jtag_device_ctx=="jsn-JTAG-HS1-210512180081-14711093-0"}
fpga -file /home/me/Workspace/Hardware/Vitis/AN831/audio_play/_ide/bitstream/audio_wrapper.bit
targets -set -nocase -filter {name =~"APU*"}
loadhw -hw /home/me/Workspace/Hardware/Vitis/AN831/audio_wrapper/export/audio_wrapper/hw/audio_wrapper.xsa -mem-ranges [list {0x80000000 0xbfffffff} {0x400000000 0x5ffffffff} {0x1000000000 0x7fffffffff}] -regs
configparams force-mem-access 1
targets -set -nocase -filter {name =~"APU*"}
set mode [expr [mrd -value 0xFF5E0200] & 0xf]
targets -set -nocase -filter {name =~ "*A53*#0"}
rst -processor
dow /home/me/Workspace/Hardware/Vitis/AN831/audio_wrapper/export/audio_wrapper/sw/audio_wrapper/boot/fsbl.elf
set bp_52_59_fsbl_bp [bpadd -addr &XFsbl_Exit]
con -block -timeout 60
bpremove $bp_52_59_fsbl_bp
targets -set -nocase -filter {name =~ "*A53*#0"}
rst -processor
dow /home/me/Workspace/Hardware/Vitis/AN831/audio_play/Debug/audio_play.elf
configparams force-mem-access 0
----------------End of Script----------------

23:53:01 INFO  : Context for processor 'psu_cortexa53_0' is selected.
23:53:01 INFO  : 'con' command is executed.
23:53:01 INFO  : ----------------XSDB Script (After Launch)----------------
targets -set -nocase -filter {name =~ "*A53*#0"}
con
----------------End of Script----------------

23:53:01 INFO  : Launch script is exported to file '/home/me/Workspace/Hardware/Vitis/AN831/audio_play_system/_ide/scripts/debugger_audio_play-default.tcl'
23:59:01 INFO  : Disconnected from the channel tcfchan#6.
23:59:02 INFO  : Connected to target on host '127.0.0.1' and port '3121'.
23:59:02 INFO  : Jtag cable 'Digilent JTAG-HS1 210512180081' is selected.
23:59:02 INFO  : 'jtag frequency' command is executed.
23:59:02 INFO  : Sourcing of '/tools/Xilinx/Vitis/2021.2/scripts/vitis/util/zynqmp_utils.tcl' is done.
23:59:02 INFO  : Context for 'APU' is selected.
23:59:03 INFO  : System reset is completed.
23:59:06 INFO  : 'after 3000' command is executed.
23:59:06 INFO  : 'targets -set -filter {jtag_cable_name =~ "Digilent JTAG-HS1 210512180081" && level==0 && jtag_device_ctx=="jsn-JTAG-HS1-210512180081-14711093-0"}' command is executed.
23:59:11 INFO  : Device configured successfully with "/home/me/Workspace/Hardware/Vitis/AN831/audio_play/_ide/bitstream/audio_wrapper.bit"
23:59:11 INFO  : Context for 'APU' is selected.
23:59:11 INFO  : Hardware design and registers information is loaded from '/home/me/Workspace/Hardware/Vitis/AN831/audio_wrapper/export/audio_wrapper/hw/audio_wrapper.xsa'.
23:59:11 INFO  : 'configparams force-mem-access 1' command is executed.
23:59:11 INFO  : Context for 'APU' is selected.
23:59:11 INFO  : Boot mode is read from the target.
23:59:11 INFO  : Context for processor 'psu_cortexa53_0' is selected.
23:59:11 INFO  : Processor reset is completed for 'psu_cortexa53_0'.
23:59:11 INFO  : The application '/home/me/Workspace/Hardware/Vitis/AN831/audio_wrapper/export/audio_wrapper/sw/audio_wrapper/boot/fsbl.elf' is downloaded to processor 'psu_cortexa53_0'.
23:59:11 INFO  : 'set bp_59_11_fsbl_bp [bpadd -addr &XFsbl_Exit]' command is executed.
23:59:12 INFO  : 'con -block -timeout 60' command is executed.
23:59:12 INFO  : 'bpremove $bp_59_11_fsbl_bp' command is executed.
23:59:12 INFO  : Context for processor 'psu_cortexa53_0' is selected.
23:59:12 INFO  : Processor reset is completed for 'psu_cortexa53_0'.
23:59:13 INFO  : The application '/home/me/Workspace/Hardware/Vitis/AN831/audio_play/Debug/audio_play.elf' is downloaded to processor 'psu_cortexa53_0'.
23:59:13 INFO  : 'configparams force-mem-access 0' command is executed.
23:59:13 INFO  : ----------------XSDB Script----------------
connect -url tcp:127.0.0.1:3121
source /tools/Xilinx/Vitis/2021.2/scripts/vitis/util/zynqmp_utils.tcl
targets -set -nocase -filter {name =~"APU*"}
rst -system
after 3000
targets -set -filter {jtag_cable_name =~ "Digilent JTAG-HS1 210512180081" && level==0 && jtag_device_ctx=="jsn-JTAG-HS1-210512180081-14711093-0"}
fpga -file /home/me/Workspace/Hardware/Vitis/AN831/audio_play/_ide/bitstream/audio_wrapper.bit
targets -set -nocase -filter {name =~"APU*"}
loadhw -hw /home/me/Workspace/Hardware/Vitis/AN831/audio_wrapper/export/audio_wrapper/hw/audio_wrapper.xsa -mem-ranges [list {0x80000000 0xbfffffff} {0x400000000 0x5ffffffff} {0x1000000000 0x7fffffffff}] -regs
configparams force-mem-access 1
targets -set -nocase -filter {name =~"APU*"}
set mode [expr [mrd -value 0xFF5E0200] & 0xf]
targets -set -nocase -filter {name =~ "*A53*#0"}
rst -processor
dow /home/me/Workspace/Hardware/Vitis/AN831/audio_wrapper/export/audio_wrapper/sw/audio_wrapper/boot/fsbl.elf
set bp_59_11_fsbl_bp [bpadd -addr &XFsbl_Exit]
con -block -timeout 60
bpremove $bp_59_11_fsbl_bp
targets -set -nocase -filter {name =~ "*A53*#0"}
rst -processor
dow /home/me/Workspace/Hardware/Vitis/AN831/audio_play/Debug/audio_play.elf
configparams force-mem-access 0
----------------End of Script----------------

23:59:13 INFO  : Context for processor 'psu_cortexa53_0' is selected.
23:59:13 INFO  : 'con' command is executed.
23:59:13 INFO  : ----------------XSDB Script (After Launch)----------------
targets -set -nocase -filter {name =~ "*A53*#0"}
con
----------------End of Script----------------

23:59:13 INFO  : Launch script is exported to file '/home/me/Workspace/Hardware/Vitis/AN831/audio_play_system/_ide/scripts/debugger_audio_play-default.tcl'
00:00:12 INFO  : Disconnected from the channel tcfchan#7.
00:00:19 INFO  : Connected to target on host '127.0.0.1' and port '3121'.
00:00:19 INFO  : Jtag cable 'Digilent JTAG-HS1 210512180081' is selected.
00:00:19 INFO  : 'jtag frequency' command is executed.
00:00:19 INFO  : Sourcing of '/tools/Xilinx/Vitis/2021.2/scripts/vitis/util/zynqmp_utils.tcl' is done.
00:00:19 INFO  : Context for 'APU' is selected.
00:00:19 INFO  : System reset is completed.
00:00:22 INFO  : 'after 3000' command is executed.
00:00:22 INFO  : 'targets -set -filter {jtag_cable_name =~ "Digilent JTAG-HS1 210512180081" && level==0 && jtag_device_ctx=="jsn-JTAG-HS1-210512180081-14711093-0"}' command is executed.
00:00:27 INFO  : Device configured successfully with "/home/me/Workspace/Hardware/Vitis/AN831/audio_play/_ide/bitstream/audio_wrapper.bit"
00:00:27 INFO  : Context for 'APU' is selected.
00:00:27 INFO  : Hardware design and registers information is loaded from '/home/me/Workspace/Hardware/Vitis/AN831/audio_wrapper/export/audio_wrapper/hw/audio_wrapper.xsa'.
00:00:27 INFO  : 'configparams force-mem-access 1' command is executed.
00:00:27 INFO  : Context for 'APU' is selected.
00:00:27 INFO  : Boot mode is read from the target.
00:00:27 INFO  : Context for processor 'psu_cortexa53_0' is selected.
00:00:27 INFO  : Processor reset is completed for 'psu_cortexa53_0'.
00:00:27 INFO  : The application '/home/me/Workspace/Hardware/Vitis/AN831/audio_wrapper/export/audio_wrapper/sw/audio_wrapper/boot/fsbl.elf' is downloaded to processor 'psu_cortexa53_0'.
00:00:27 INFO  : 'set bp_0_27_fsbl_bp [bpadd -addr &XFsbl_Exit]' command is executed.
00:00:28 INFO  : 'con -block -timeout 60' command is executed.
00:00:28 INFO  : 'bpremove $bp_0_27_fsbl_bp' command is executed.
00:00:28 INFO  : Context for processor 'psu_cortexa53_0' is selected.
00:00:28 INFO  : Processor reset is completed for 'psu_cortexa53_0'.
00:00:29 INFO  : The application '/home/me/Workspace/Hardware/Vitis/AN831/audio_play/Debug/audio_play.elf' is downloaded to processor 'psu_cortexa53_0'.
00:00:29 INFO  : 'configparams force-mem-access 0' command is executed.
00:00:29 INFO  : ----------------XSDB Script----------------
connect -url tcp:127.0.0.1:3121
source /tools/Xilinx/Vitis/2021.2/scripts/vitis/util/zynqmp_utils.tcl
targets -set -nocase -filter {name =~"APU*"}
rst -system
after 3000
targets -set -filter {jtag_cable_name =~ "Digilent JTAG-HS1 210512180081" && level==0 && jtag_device_ctx=="jsn-JTAG-HS1-210512180081-14711093-0"}
fpga -file /home/me/Workspace/Hardware/Vitis/AN831/audio_play/_ide/bitstream/audio_wrapper.bit
targets -set -nocase -filter {name =~"APU*"}
loadhw -hw /home/me/Workspace/Hardware/Vitis/AN831/audio_wrapper/export/audio_wrapper/hw/audio_wrapper.xsa -mem-ranges [list {0x80000000 0xbfffffff} {0x400000000 0x5ffffffff} {0x1000000000 0x7fffffffff}] -regs
configparams force-mem-access 1
targets -set -nocase -filter {name =~"APU*"}
set mode [expr [mrd -value 0xFF5E0200] & 0xf]
targets -set -nocase -filter {name =~ "*A53*#0"}
rst -processor
dow /home/me/Workspace/Hardware/Vitis/AN831/audio_wrapper/export/audio_wrapper/sw/audio_wrapper/boot/fsbl.elf
set bp_0_27_fsbl_bp [bpadd -addr &XFsbl_Exit]
con -block -timeout 60
bpremove $bp_0_27_fsbl_bp
targets -set -nocase -filter {name =~ "*A53*#0"}
rst -processor
dow /home/me/Workspace/Hardware/Vitis/AN831/audio_play/Debug/audio_play.elf
configparams force-mem-access 0
----------------End of Script----------------

00:00:29 INFO  : Context for processor 'psu_cortexa53_0' is selected.
00:00:29 INFO  : 'con' command is executed.
00:00:29 INFO  : ----------------XSDB Script (After Launch)----------------
targets -set -nocase -filter {name =~ "*A53*#0"}
con
----------------End of Script----------------

00:00:29 INFO  : Launch script is exported to file '/home/me/Workspace/Hardware/Vitis/AN831/audio_play_system/_ide/scripts/debugger_audio_play-default.tcl'
00:01:16 INFO  : Disconnected from the channel tcfchan#8.
00:01:17 INFO  : Connected to target on host '127.0.0.1' and port '3121'.
00:01:17 INFO  : Jtag cable 'Digilent JTAG-HS1 210512180081' is selected.
00:01:17 INFO  : 'jtag frequency' command is executed.
00:01:17 INFO  : Sourcing of '/tools/Xilinx/Vitis/2021.2/scripts/vitis/util/zynqmp_utils.tcl' is done.
00:01:17 INFO  : Context for 'APU' is selected.
00:01:17 INFO  : System reset is completed.
00:01:20 INFO  : 'after 3000' command is executed.
00:01:23 INFO  : 'targets -set -filter {jtag_cable_name =~ "Digilent JTAG-HS1 210512180081" && level==0 && jtag_device_ctx=="jsn-JTAG-HS1-210512180081-14711093-0"}' command is executed.
00:01:27 INFO  : Device configured successfully with "/home/me/Workspace/Hardware/Vitis/AN831/audio_play/_ide/bitstream/audio_wrapper.bit"
00:01:28 INFO  : Context for 'APU' is selected.
00:01:28 INFO  : Hardware design and registers information is loaded from '/home/me/Workspace/Hardware/Vitis/AN831/audio_wrapper/export/audio_wrapper/hw/audio_wrapper.xsa'.
00:01:28 INFO  : 'configparams force-mem-access 1' command is executed.
00:01:28 INFO  : Context for 'APU' is selected.
00:01:28 INFO  : Boot mode is read from the target.
00:01:28 INFO  : Context for processor 'psu_cortexa53_0' is selected.
00:01:28 INFO  : Processor reset is completed for 'psu_cortexa53_0'.
00:01:29 INFO  : The application '/home/me/Workspace/Hardware/Vitis/AN831/audio_wrapper/export/audio_wrapper/sw/audio_wrapper/boot/fsbl.elf' is downloaded to processor 'psu_cortexa53_0'.
00:01:29 INFO  : 'set bp_1_29_fsbl_bp [bpadd -addr &XFsbl_Exit]' command is executed.
00:01:30 INFO  : 'con -block -timeout 60' command is executed.
00:01:30 INFO  : 'bpremove $bp_1_29_fsbl_bp' command is executed.
00:01:30 INFO  : Context for processor 'psu_cortexa53_0' is selected.
00:01:30 INFO  : Processor reset is completed for 'psu_cortexa53_0'.
00:01:30 INFO  : The application '/home/me/Workspace/Hardware/Vitis/AN831/audio_play/Debug/audio_play.elf' is downloaded to processor 'psu_cortexa53_0'.
00:01:30 INFO  : 'configparams force-mem-access 0' command is executed.
00:01:30 INFO  : ----------------XSDB Script----------------
connect -url tcp:127.0.0.1:3121
source /tools/Xilinx/Vitis/2021.2/scripts/vitis/util/zynqmp_utils.tcl
targets -set -nocase -filter {name =~"APU*"}
rst -system
after 3000
targets -set -filter {jtag_cable_name =~ "Digilent JTAG-HS1 210512180081" && level==0 && jtag_device_ctx=="jsn-JTAG-HS1-210512180081-14711093-0"}
fpga -file /home/me/Workspace/Hardware/Vitis/AN831/audio_play/_ide/bitstream/audio_wrapper.bit
targets -set -nocase -filter {name =~"APU*"}
loadhw -hw /home/me/Workspace/Hardware/Vitis/AN831/audio_wrapper/export/audio_wrapper/hw/audio_wrapper.xsa -mem-ranges [list {0x80000000 0xbfffffff} {0x400000000 0x5ffffffff} {0x1000000000 0x7fffffffff}] -regs
configparams force-mem-access 1
targets -set -nocase -filter {name =~"APU*"}
set mode [expr [mrd -value 0xFF5E0200] & 0xf]
targets -set -nocase -filter {name =~ "*A53*#0"}
rst -processor
dow /home/me/Workspace/Hardware/Vitis/AN831/audio_wrapper/export/audio_wrapper/sw/audio_wrapper/boot/fsbl.elf
set bp_1_29_fsbl_bp [bpadd -addr &XFsbl_Exit]
con -block -timeout 60
bpremove $bp_1_29_fsbl_bp
targets -set -nocase -filter {name =~ "*A53*#0"}
rst -processor
dow /home/me/Workspace/Hardware/Vitis/AN831/audio_play/Debug/audio_play.elf
configparams force-mem-access 0
----------------End of Script----------------

00:01:30 INFO  : Context for processor 'psu_cortexa53_0' is selected.
00:01:30 INFO  : 'con' command is executed.
00:01:30 INFO  : ----------------XSDB Script (After Launch)----------------
targets -set -nocase -filter {name =~ "*A53*#0"}
con
----------------End of Script----------------

00:01:30 INFO  : Launch script is exported to file '/home/me/Workspace/Hardware/Vitis/AN831/audio_play_system/_ide/scripts/debugger_audio_play-default.tcl'
00:02:17 INFO  : Disconnected from the channel tcfchan#9.
00:02:51 INFO  : Connected to target on host '127.0.0.1' and port '3121'.
00:02:52 INFO  : Jtag cable 'Digilent JTAG-HS1 210512180081' is selected.
00:02:52 INFO  : 'jtag frequency' command is executed.
00:02:52 INFO  : Sourcing of '/tools/Xilinx/Vitis/2021.2/scripts/vitis/util/zynqmp_utils.tcl' is done.
00:02:52 INFO  : Context for 'APU' is selected.
00:02:52 INFO  : System reset is completed.
00:02:55 INFO  : 'after 3000' command is executed.
00:02:55 INFO  : 'targets -set -filter {jtag_cable_name =~ "Digilent JTAG-HS1 210512180081" && level==0 && jtag_device_ctx=="jsn-JTAG-HS1-210512180081-14711093-0"}' command is executed.
00:03:00 INFO  : Device configured successfully with "/home/me/Workspace/Hardware/Vitis/AN831/audio_play/_ide/bitstream/audio_wrapper.bit"
00:03:00 INFO  : Context for 'APU' is selected.
00:03:00 INFO  : Hardware design and registers information is loaded from '/home/me/Workspace/Hardware/Vitis/AN831/audio_wrapper/export/audio_wrapper/hw/audio_wrapper.xsa'.
00:03:00 INFO  : 'configparams force-mem-access 1' command is executed.
00:03:00 INFO  : Context for 'APU' is selected.
00:03:00 INFO  : Boot mode is read from the target.
00:03:00 INFO  : Context for processor 'psu_cortexa53_0' is selected.
00:03:00 INFO  : Processor reset is completed for 'psu_cortexa53_0'.
00:03:01 INFO  : The application '/home/me/Workspace/Hardware/Vitis/AN831/audio_wrapper/export/audio_wrapper/sw/audio_wrapper/boot/fsbl.elf' is downloaded to processor 'psu_cortexa53_0'.
00:03:01 INFO  : 'set bp_3_1_fsbl_bp [bpadd -addr &XFsbl_Exit]' command is executed.
00:03:02 INFO  : 'con -block -timeout 60' command is executed.
00:03:02 INFO  : 'bpremove $bp_3_1_fsbl_bp' command is executed.
00:03:02 INFO  : Context for processor 'psu_cortexa53_0' is selected.
00:03:02 INFO  : Processor reset is completed for 'psu_cortexa53_0'.
00:03:02 INFO  : The application '/home/me/Workspace/Hardware/Vitis/AN831/audio_play/Debug/audio_play.elf' is downloaded to processor 'psu_cortexa53_0'.
00:03:02 INFO  : 'configparams force-mem-access 0' command is executed.
00:03:02 INFO  : ----------------XSDB Script----------------
connect -url tcp:127.0.0.1:3121
source /tools/Xilinx/Vitis/2021.2/scripts/vitis/util/zynqmp_utils.tcl
targets -set -nocase -filter {name =~"APU*"}
rst -system
after 3000
targets -set -filter {jtag_cable_name =~ "Digilent JTAG-HS1 210512180081" && level==0 && jtag_device_ctx=="jsn-JTAG-HS1-210512180081-14711093-0"}
fpga -file /home/me/Workspace/Hardware/Vitis/AN831/audio_play/_ide/bitstream/audio_wrapper.bit
targets -set -nocase -filter {name =~"APU*"}
loadhw -hw /home/me/Workspace/Hardware/Vitis/AN831/audio_wrapper/export/audio_wrapper/hw/audio_wrapper.xsa -mem-ranges [list {0x80000000 0xbfffffff} {0x400000000 0x5ffffffff} {0x1000000000 0x7fffffffff}] -regs
configparams force-mem-access 1
targets -set -nocase -filter {name =~"APU*"}
set mode [expr [mrd -value 0xFF5E0200] & 0xf]
targets -set -nocase -filter {name =~ "*A53*#0"}
rst -processor
dow /home/me/Workspace/Hardware/Vitis/AN831/audio_wrapper/export/audio_wrapper/sw/audio_wrapper/boot/fsbl.elf
set bp_3_1_fsbl_bp [bpadd -addr &XFsbl_Exit]
con -block -timeout 60
bpremove $bp_3_1_fsbl_bp
targets -set -nocase -filter {name =~ "*A53*#0"}
rst -processor
dow /home/me/Workspace/Hardware/Vitis/AN831/audio_play/Debug/audio_play.elf
configparams force-mem-access 0
----------------End of Script----------------

00:03:02 INFO  : Context for processor 'psu_cortexa53_0' is selected.
00:03:02 INFO  : 'con' command is executed.
00:03:02 INFO  : ----------------XSDB Script (After Launch)----------------
targets -set -nocase -filter {name =~ "*A53*#0"}
con
----------------End of Script----------------

00:03:02 INFO  : Launch script is exported to file '/home/me/Workspace/Hardware/Vitis/AN831/audio_play_system/_ide/scripts/debugger_audio_play-default.tcl'
00:03:34 INFO  : Disconnected from the channel tcfchan#10.
