17:31:19 INFO  : Launching XSCT server: xsct -n  -interactive /home/me/Workspace/Hardware/Vitis/HelloWorld/temp_xsdb_launch_script.tcl
17:31:19 ERROR : Error encountered while initializing user repository paths
Reason: No Platforms Found.


17:31:19 INFO  : Platform repository initialization has completed.
17:31:19 INFO  : Registering command handlers for Vitis TCF services
17:31:21 INFO  : XSCT server has started successfully.
17:31:21 INFO  : Successfully done setting XSCT server connection channel  
17:31:21 INFO  : plnx-install-location is set to ''
17:31:21 INFO  : Successfully done setting workspace for the tool. 
17:31:21 INFO  : Successfully done query RDI_DATADIR 
17:34:17 INFO  : Result from executing command 'getProjects': design_1_wrapper_1
17:34:17 INFO  : Result from executing command 'getPlatforms': 
17:34:17 WARN  : An unexpected exception occurred in the module 'platform project logging'
17:34:17 INFO  : Platform 'design_1_wrapper_1' is added to custom repositories.
17:34:21 INFO  : Platform 'design_1_wrapper_1' is added to custom repositories.
17:37:36 INFO  : Result from executing command 'getProjects': design_1_wrapper_1
17:37:36 INFO  : Result from executing command 'getPlatforms': design_1_wrapper_1|/home/me/Workspace/Hardware/Vitis/HelloWorld/design_1_wrapper_1/export/design_1_wrapper_1/design_1_wrapper_1.xpfm
17:37:39 INFO  : Checking for BSP changes to sync application flags for project 'hallo'...
17:39:04 INFO  : Connected to target on host '127.0.0.1' and port '3121'.
17:39:05 INFO  : Jtag cable 'Digilent JTAG-HS1 210512180081' is selected.
17:39:05 INFO  : 'jtag frequency' command is executed.
17:39:05 INFO  : Sourcing of '/tools/Xilinx/Vitis/2021.2/scripts/vitis/util/zynqmp_utils.tcl' is done.
17:39:05 INFO  : Context for 'APU' is selected.
17:39:05 INFO  : System reset is completed.
17:39:08 INFO  : 'after 3000' command is executed.
17:39:08 INFO  : Context for 'APU' is selected.
17:39:08 INFO  : Hardware design and registers information is loaded from '/home/me/Workspace/Hardware/Vitis/HelloWorld/design_1_wrapper_1/export/design_1_wrapper_1/hw/design_1_wrapper.xsa'.
17:39:08 INFO  : 'configparams force-mem-access 1' command is executed.
17:39:08 INFO  : Context for 'APU' is selected.
17:39:08 INFO  : Boot mode is read from the target.
17:39:08 INFO  : Context for processor 'psu_cortexa53_0' is selected.
17:39:08 INFO  : Processor reset is completed for 'psu_cortexa53_0'.
17:39:09 INFO  : The application '/home/me/Workspace/Hardware/Vitis/HelloWorld/design_1_wrapper_1/export/design_1_wrapper_1/sw/design_1_wrapper_1/boot/fsbl.elf' is downloaded to processor 'psu_cortexa53_0'.
17:39:09 INFO  : 'set bp_39_9_fsbl_bp [bpadd -addr &XFsbl_Exit]' command is executed.
17:39:10 INFO  : 'con -block -timeout 60' command is executed.
17:39:10 INFO  : 'bpremove $bp_39_9_fsbl_bp' command is executed.
17:39:10 INFO  : Context for processor 'psu_cortexa53_0' is selected.
17:39:10 INFO  : Processor reset is completed for 'psu_cortexa53_0'.
17:39:10 INFO  : The application '/home/me/Workspace/Hardware/Vitis/HelloWorld/hallo/Debug/hallo.elf' is downloaded to processor 'psu_cortexa53_0'.
17:39:10 INFO  : 'configparams force-mem-access 0' command is executed.
17:39:10 INFO  : ----------------XSDB Script----------------
connect -url tcp:127.0.0.1:3121
source /tools/Xilinx/Vitis/2021.2/scripts/vitis/util/zynqmp_utils.tcl
targets -set -nocase -filter {name =~"APU*"}
rst -system
after 3000
targets -set -nocase -filter {name =~"APU*"}
loadhw -hw /home/me/Workspace/Hardware/Vitis/HelloWorld/design_1_wrapper_1/export/design_1_wrapper_1/hw/design_1_wrapper.xsa -mem-ranges [list {0x80000000 0xbfffffff} {0x400000000 0x5ffffffff} {0x1000000000 0x7fffffffff}] -regs
configparams force-mem-access 1
targets -set -nocase -filter {name =~"APU*"}
set mode [expr [mrd -value 0xFF5E0200] & 0xf]
targets -set -nocase -filter {name =~ "*A53*#0"}
rst -processor
dow /home/me/Workspace/Hardware/Vitis/HelloWorld/design_1_wrapper_1/export/design_1_wrapper_1/sw/design_1_wrapper_1/boot/fsbl.elf
set bp_39_9_fsbl_bp [bpadd -addr &XFsbl_Exit]
con -block -timeout 60
bpremove $bp_39_9_fsbl_bp
targets -set -nocase -filter {name =~ "*A53*#0"}
rst -processor
dow /home/me/Workspace/Hardware/Vitis/HelloWorld/hallo/Debug/hallo.elf
configparams force-mem-access 0
----------------End of Script----------------

17:39:10 INFO  : Context for processor 'psu_cortexa53_0' is selected.
17:39:10 INFO  : 'con' command is executed.
17:39:10 INFO  : ----------------XSDB Script (After Launch)----------------
targets -set -nocase -filter {name =~ "*A53*#0"}
con
----------------End of Script----------------

17:39:10 INFO  : Launch script is exported to file '/home/me/Workspace/Hardware/Vitis/HelloWorld/hallo_system/_ide/scripts/debugger_hallo-default.tcl'
17:39:41 INFO  : Disconnected from the channel tcfchan#2.
17:39:42 INFO  : Connected to target on host '127.0.0.1' and port '3121'.
17:39:42 INFO  : Jtag cable 'Digilent JTAG-HS1 210512180081' is selected.
17:39:42 INFO  : 'jtag frequency' command is executed.
17:39:42 INFO  : Sourcing of '/tools/Xilinx/Vitis/2021.2/scripts/vitis/util/zynqmp_utils.tcl' is done.
17:39:42 INFO  : Context for 'APU' is selected.
17:39:42 INFO  : System reset is completed.
17:39:45 INFO  : 'after 3000' command is executed.
17:39:45 INFO  : Context for 'APU' is selected.
17:39:45 INFO  : Hardware design and registers information is loaded from '/home/me/Workspace/Hardware/Vitis/HelloWorld/design_1_wrapper_1/export/design_1_wrapper_1/hw/design_1_wrapper.xsa'.
17:39:45 INFO  : 'configparams force-mem-access 1' command is executed.
17:39:45 INFO  : Context for 'APU' is selected.
17:39:45 INFO  : Boot mode is read from the target.
17:39:45 INFO  : Context for processor 'psu_cortexa53_0' is selected.
17:39:46 INFO  : Processor reset is completed for 'psu_cortexa53_0'.
17:39:46 INFO  : The application '/home/me/Workspace/Hardware/Vitis/HelloWorld/design_1_wrapper_1/export/design_1_wrapper_1/sw/design_1_wrapper_1/boot/fsbl.elf' is downloaded to processor 'psu_cortexa53_0'.
17:39:46 INFO  : 'set bp_39_46_fsbl_bp [bpadd -addr &XFsbl_Exit]' command is executed.
17:39:47 INFO  : 'con -block -timeout 60' command is executed.
17:39:47 INFO  : 'bpremove $bp_39_46_fsbl_bp' command is executed.
17:39:47 INFO  : Context for processor 'psu_cortexa53_0' is selected.
17:39:47 INFO  : Processor reset is completed for 'psu_cortexa53_0'.
17:39:47 INFO  : The application '/home/me/Workspace/Hardware/Vitis/HelloWorld/hallo/Debug/hallo.elf' is downloaded to processor 'psu_cortexa53_0'.
17:39:47 INFO  : 'configparams force-mem-access 0' command is executed.
17:39:47 INFO  : ----------------XSDB Script----------------
connect -url tcp:127.0.0.1:3121
source /tools/Xilinx/Vitis/2021.2/scripts/vitis/util/zynqmp_utils.tcl
targets -set -nocase -filter {name =~"APU*"}
rst -system
after 3000
targets -set -nocase -filter {name =~"APU*"}
loadhw -hw /home/me/Workspace/Hardware/Vitis/HelloWorld/design_1_wrapper_1/export/design_1_wrapper_1/hw/design_1_wrapper.xsa -mem-ranges [list {0x80000000 0xbfffffff} {0x400000000 0x5ffffffff} {0x1000000000 0x7fffffffff}] -regs
configparams force-mem-access 1
targets -set -nocase -filter {name =~"APU*"}
set mode [expr [mrd -value 0xFF5E0200] & 0xf]
targets -set -nocase -filter {name =~ "*A53*#0"}
rst -processor
dow /home/me/Workspace/Hardware/Vitis/HelloWorld/design_1_wrapper_1/export/design_1_wrapper_1/sw/design_1_wrapper_1/boot/fsbl.elf
set bp_39_46_fsbl_bp [bpadd -addr &XFsbl_Exit]
con -block -timeout 60
bpremove $bp_39_46_fsbl_bp
targets -set -nocase -filter {name =~ "*A53*#0"}
rst -processor
dow /home/me/Workspace/Hardware/Vitis/HelloWorld/hallo/Debug/hallo.elf
configparams force-mem-access 0
----------------End of Script----------------

17:39:47 INFO  : Context for processor 'psu_cortexa53_0' is selected.
17:39:47 INFO  : 'con' command is executed.
17:39:47 INFO  : ----------------XSDB Script (After Launch)----------------
targets -set -nocase -filter {name =~ "*A53*#0"}
con
----------------End of Script----------------

17:39:47 INFO  : Launch script is exported to file '/home/me/Workspace/Hardware/Vitis/HelloWorld/hallo_system/_ide/scripts/debugger_hallo-default.tcl'
17:40:46 INFO  : Disconnected from the channel tcfchan#3.
17:40:47 INFO  : Connected to target on host '127.0.0.1' and port '3121'.
17:40:47 INFO  : Jtag cable 'Digilent JTAG-HS1 210512180081' is selected.
17:40:47 INFO  : 'jtag frequency' command is executed.
17:40:47 INFO  : Sourcing of '/tools/Xilinx/Vitis/2021.2/scripts/vitis/util/zynqmp_utils.tcl' is done.
17:40:47 INFO  : Context for 'APU' is selected.
17:40:48 INFO  : System reset is completed.
17:40:51 INFO  : 'after 3000' command is executed.
17:40:51 INFO  : Context for 'APU' is selected.
17:40:51 INFO  : Hardware design and registers information is loaded from '/home/me/Workspace/Hardware/Vitis/HelloWorld/design_1_wrapper_1/export/design_1_wrapper_1/hw/design_1_wrapper.xsa'.
17:40:51 INFO  : 'configparams force-mem-access 1' command is executed.
17:40:51 INFO  : Context for 'APU' is selected.
17:40:51 INFO  : Boot mode is read from the target.
17:40:51 INFO  : Context for processor 'psu_cortexa53_0' is selected.
17:40:51 INFO  : Processor reset is completed for 'psu_cortexa53_0'.
17:40:51 INFO  : The application '/home/me/Workspace/Hardware/Vitis/HelloWorld/design_1_wrapper_1/export/design_1_wrapper_1/sw/design_1_wrapper_1/boot/fsbl.elf' is downloaded to processor 'psu_cortexa53_0'.
17:40:51 INFO  : 'set bp_40_51_fsbl_bp [bpadd -addr &XFsbl_Exit]' command is executed.
17:40:53 INFO  : 'con -block -timeout 60' command is executed.
17:40:53 INFO  : 'bpremove $bp_40_51_fsbl_bp' command is executed.
17:40:53 INFO  : Context for processor 'psu_cortexa53_0' is selected.
17:40:53 INFO  : Processor reset is completed for 'psu_cortexa53_0'.
17:40:53 INFO  : The application '/home/me/Workspace/Hardware/Vitis/HelloWorld/hallo/Debug/hallo.elf' is downloaded to processor 'psu_cortexa53_0'.
17:40:53 INFO  : 'configparams force-mem-access 0' command is executed.
17:40:53 INFO  : ----------------XSDB Script----------------
connect -url tcp:127.0.0.1:3121
source /tools/Xilinx/Vitis/2021.2/scripts/vitis/util/zynqmp_utils.tcl
targets -set -nocase -filter {name =~"APU*"}
rst -system
after 3000
targets -set -nocase -filter {name =~"APU*"}
loadhw -hw /home/me/Workspace/Hardware/Vitis/HelloWorld/design_1_wrapper_1/export/design_1_wrapper_1/hw/design_1_wrapper.xsa -mem-ranges [list {0x80000000 0xbfffffff} {0x400000000 0x5ffffffff} {0x1000000000 0x7fffffffff}] -regs
configparams force-mem-access 1
targets -set -nocase -filter {name =~"APU*"}
set mode [expr [mrd -value 0xFF5E0200] & 0xf]
targets -set -nocase -filter {name =~ "*A53*#0"}
rst -processor
dow /home/me/Workspace/Hardware/Vitis/HelloWorld/design_1_wrapper_1/export/design_1_wrapper_1/sw/design_1_wrapper_1/boot/fsbl.elf
set bp_40_51_fsbl_bp [bpadd -addr &XFsbl_Exit]
con -block -timeout 60
bpremove $bp_40_51_fsbl_bp
targets -set -nocase -filter {name =~ "*A53*#0"}
rst -processor
dow /home/me/Workspace/Hardware/Vitis/HelloWorld/hallo/Debug/hallo.elf
configparams force-mem-access 0
----------------End of Script----------------

17:40:53 INFO  : Context for processor 'psu_cortexa53_0' is selected.
17:40:53 INFO  : 'con' command is executed.
17:40:53 INFO  : ----------------XSDB Script (After Launch)----------------
targets -set -nocase -filter {name =~ "*A53*#0"}
con
----------------End of Script----------------

17:40:53 INFO  : Launch script is exported to file '/home/me/Workspace/Hardware/Vitis/HelloWorld/hallo_system/_ide/scripts/debugger_hallo-default.tcl'
17:41:46 INFO  : Disconnected from the channel tcfchan#4.
17:41:47 INFO  : Connected to target on host '127.0.0.1' and port '3121'.
17:41:47 INFO  : Jtag cable 'Digilent JTAG-HS1 210512180081' is selected.
17:41:47 INFO  : 'jtag frequency' command is executed.
17:41:47 INFO  : Sourcing of '/tools/Xilinx/Vitis/2021.2/scripts/vitis/util/zynqmp_utils.tcl' is done.
17:41:47 INFO  : Context for 'APU' is selected.
17:41:47 INFO  : System reset is completed.
17:41:50 INFO  : 'after 3000' command is executed.
17:41:50 INFO  : Context for 'APU' is selected.
17:41:50 INFO  : Hardware design and registers information is loaded from '/home/me/Workspace/Hardware/Vitis/HelloWorld/design_1_wrapper_1/export/design_1_wrapper_1/hw/design_1_wrapper.xsa'.
17:41:50 INFO  : 'configparams force-mem-access 1' command is executed.
17:41:50 INFO  : Context for 'APU' is selected.
17:41:50 INFO  : Boot mode is read from the target.
17:41:50 INFO  : Context for processor 'psu_cortexa53_0' is selected.
17:41:50 INFO  : Processor reset is completed for 'psu_cortexa53_0'.
17:41:51 INFO  : The application '/home/me/Workspace/Hardware/Vitis/HelloWorld/design_1_wrapper_1/export/design_1_wrapper_1/sw/design_1_wrapper_1/boot/fsbl.elf' is downloaded to processor 'psu_cortexa53_0'.
17:41:51 INFO  : 'set bp_41_51_fsbl_bp [bpadd -addr &XFsbl_Exit]' command is executed.
17:41:52 INFO  : 'con -block -timeout 60' command is executed.
17:41:52 INFO  : 'bpremove $bp_41_51_fsbl_bp' command is executed.
17:41:52 INFO  : Context for processor 'psu_cortexa53_0' is selected.
17:41:52 INFO  : Processor reset is completed for 'psu_cortexa53_0'.
17:41:52 INFO  : The application '/home/me/Workspace/Hardware/Vitis/HelloWorld/hallo/Debug/hallo.elf' is downloaded to processor 'psu_cortexa53_0'.
17:41:52 INFO  : 'configparams force-mem-access 0' command is executed.
17:41:52 INFO  : ----------------XSDB Script----------------
connect -url tcp:127.0.0.1:3121
source /tools/Xilinx/Vitis/2021.2/scripts/vitis/util/zynqmp_utils.tcl
targets -set -nocase -filter {name =~"APU*"}
rst -system
after 3000
targets -set -nocase -filter {name =~"APU*"}
loadhw -hw /home/me/Workspace/Hardware/Vitis/HelloWorld/design_1_wrapper_1/export/design_1_wrapper_1/hw/design_1_wrapper.xsa -mem-ranges [list {0x80000000 0xbfffffff} {0x400000000 0x5ffffffff} {0x1000000000 0x7fffffffff}] -regs
configparams force-mem-access 1
targets -set -nocase -filter {name =~"APU*"}
set mode [expr [mrd -value 0xFF5E0200] & 0xf]
targets -set -nocase -filter {name =~ "*A53*#0"}
rst -processor
dow /home/me/Workspace/Hardware/Vitis/HelloWorld/design_1_wrapper_1/export/design_1_wrapper_1/sw/design_1_wrapper_1/boot/fsbl.elf
set bp_41_51_fsbl_bp [bpadd -addr &XFsbl_Exit]
con -block -timeout 60
bpremove $bp_41_51_fsbl_bp
targets -set -nocase -filter {name =~ "*A53*#0"}
rst -processor
dow /home/me/Workspace/Hardware/Vitis/HelloWorld/hallo/Debug/hallo.elf
configparams force-mem-access 0
----------------End of Script----------------

17:41:52 INFO  : Context for processor 'psu_cortexa53_0' is selected.
17:41:52 INFO  : 'con' command is executed.
17:41:52 INFO  : ----------------XSDB Script (After Launch)----------------
targets -set -nocase -filter {name =~ "*A53*#0"}
con
----------------End of Script----------------

17:41:52 INFO  : Launch script is exported to file '/home/me/Workspace/Hardware/Vitis/HelloWorld/hallo_system/_ide/scripts/debugger_hallo-default.tcl'
17:48:13 INFO  : Result from executing command 'getProjects': design_1_wrapper_1
17:48:13 INFO  : Result from executing command 'getPlatforms': design_1_wrapper_1|/home/me/Workspace/Hardware/Vitis/HelloWorld/design_1_wrapper_1/export/design_1_wrapper_1/design_1_wrapper_1.xpfm
17:48:28 INFO  : Checking for BSP changes to sync application flags for project 'hallo'...
17:49:21 INFO  : Generated template bif file for hallo_system
17:50:08 INFO  : Invoking Bootgen: bootgen -image hallo_system.bif -arch zynq -o /home/me/Workspace/Hardware/Vitis/HelloWorld/hallo_system/_ide/bootimage/BOOT.bin
17:50:08 INFO  : Overwriting existing bif file /home/me/Workspace/Hardware/Vitis/HelloWorld/hallo_system/_ide/bootimage/hallo_system.bif
17:50:09 INFO  : Bootgen command execution is done.
18:02:52 INFO  : Invoking Bootgen: bootgen -image hallo_system.bif -arch zynqmp -o /home/me/Dokumente/BOOT.bin
18:02:52 INFO  : Overwriting existing bif file /home/me/Workspace/Hardware/Vitis/HelloWorld/hallo_system/_ide/bootimage/hallo_system.bif
18:02:53 INFO  : Bootgen command execution is done.
18:06:12 INFO  : Result from executing command 'removePlatformRepo': 
18:07:07 ERROR : Error from executing command 'removePlatformRepo': ERROR: No valid directory exists at given path.
18:07:32 INFO  : Result from executing command 'getProjects': design_1_wrapper_1
18:07:32 INFO  : Result from executing command 'getPlatforms': 
18:07:39 INFO  : Result from executing command 'removePlatformRepo': 
18:08:01 INFO  : Result from executing command 'getProjects': design_1_wrapper_1
18:08:01 INFO  : Result from executing command 'getPlatforms': 
18:08:04 INFO  : Checking for BSP changes to sync application flags for project 'hallo'...
18:25:25 INFO  : Result from executing command 'getProjects': design_1_wrapper_1
18:25:25 INFO  : Result from executing command 'getPlatforms': design_1_wrapper_1|/home/me/Workspace/Hardware/Vitis/HelloWorld/design_1_wrapper_1/export/design_1_wrapper_1/design_1_wrapper_1.xpfm
18:25:34 INFO  : Checking for BSP changes to sync application flags for project 'hallo'...
18:29:44 INFO  : Disconnected from the channel tcfchan#5.
18:31:37 INFO  : Result from executing command 'getProjects': design_1_wrapper_1
18:31:37 INFO  : Result from executing command 'getPlatforms': design_1_wrapper_1|/home/me/Workspace/Hardware/Vitis/HelloWorld/design_1_wrapper_1/export/design_1_wrapper_1/design_1_wrapper_1.xpfm
18:31:42 INFO  : Checking for BSP changes to sync application flags for project 'hallo'...
18:34:17 INFO  : Checking for BSP changes to sync application flags for project 'hallo'...
17:31:55 INFO  : Launching XSCT server: xsct -n  -interactive /home/me/Workspace/Hardware/Vitis/HelloWorld/temp_xsdb_launch_script.tcl
17:31:56 INFO  : Platform repository initialization has completed.
17:31:56 INFO  : Registering command handlers for Vitis TCF services
17:31:57 INFO  : XSCT server has started successfully.
17:31:57 INFO  : plnx-install-location is set to ''
17:31:57 INFO  : Successfully done setting XSCT server connection channel  
17:31:57 INFO  : Successfully done query RDI_DATADIR 
17:31:57 INFO  : Successfully done setting workspace for the tool. 
