18:09:39 INFO  : Launching XSCT server: xsct -n  -interactive /home/me/Workspace/Hardware/Vitis/RT_Interrupts/temp_xsdb_launch_script.tcl
18:09:39 INFO  : Platform repository initialization has completed.
18:09:39 INFO  : Registering command handlers for Vitis TCF services
18:09:41 INFO  : XSCT server has started successfully.
18:09:41 INFO  : Successfully done setting XSCT server connection channel  
18:09:41 INFO  : plnx-install-location is set to ''
18:09:41 INFO  : Successfully done query RDI_DATADIR 
18:09:41 INFO  : Successfully done setting workspace for the tool. 
18:10:41 INFO  : Result from executing command 'getProjects': design_1_wrapper
18:10:41 INFO  : Result from executing command 'getPlatforms': 
18:11:18 INFO  : Example project xrtcpsu_periodic_alarm_interrupt_example_1 has been created successfully.
18:12:05 INFO  : Result from executing command 'getProjects': design_1_wrapper
18:12:05 INFO  : Result from executing command 'getPlatforms': design_1_wrapper|/home/me/Workspace/Hardware/Vitis/RT_Interrupts/design_1_wrapper/export/design_1_wrapper/design_1_wrapper.xpfm
18:12:08 INFO  : Checking for BSP changes to sync application flags for project 'xrtcpsu_periodic_alarm_interrupt_example_1'...
18:12:18 INFO  : Connected to target on host '127.0.0.1' and port '3121'.
18:12:19 INFO  : Jtag cable 'Digilent JTAG-HS1 210512180081' is selected.
18:12:19 INFO  : 'jtag frequency' command is executed.
18:12:19 INFO  : Sourcing of '/tools/Xilinx/Vitis/2021.2/scripts/vitis/util/zynqmp_utils.tcl' is done.
18:12:19 INFO  : Context for 'APU' is selected.
18:12:19 INFO  : System reset is completed.
18:12:22 INFO  : 'after 3000' command is executed.
18:12:22 INFO  : Context for 'APU' is selected.
18:12:22 INFO  : Hardware design and registers information is loaded from '/home/me/Workspace/Hardware/Vitis/RT_Interrupts/design_1_wrapper/export/design_1_wrapper/hw/design_1_wrapper.xsa'.
18:12:22 INFO  : 'configparams force-mem-access 1' command is executed.
18:12:22 INFO  : Context for 'APU' is selected.
18:12:22 INFO  : Boot mode is read from the target.
18:12:22 INFO  : Context for processor 'psu_cortexa53_0' is selected.
18:12:23 INFO  : Processor reset is completed for 'psu_cortexa53_0'.
18:12:23 INFO  : The application '/home/me/Workspace/Hardware/Vitis/RT_Interrupts/design_1_wrapper/export/design_1_wrapper/sw/design_1_wrapper/boot/fsbl.elf' is downloaded to processor 'psu_cortexa53_0'.
18:12:23 INFO  : 'set bp_12_23_fsbl_bp [bpadd -addr &XFsbl_Exit]' command is executed.
18:12:24 INFO  : 'con -block -timeout 60' command is executed.
18:12:24 INFO  : 'bpremove $bp_12_23_fsbl_bp' command is executed.
18:12:24 INFO  : Context for processor 'psu_cortexa53_0' is selected.
18:12:24 INFO  : Processor reset is completed for 'psu_cortexa53_0'.
18:12:25 INFO  : The application '/home/me/Workspace/Hardware/Vitis/RT_Interrupts/xrtcpsu_periodic_alarm_interrupt_example_1/Debug/xrtcpsu_periodic_alarm_interrupt_example_1.elf' is downloaded to processor 'psu_cortexa53_0'.
18:12:25 INFO  : 'configparams force-mem-access 0' command is executed.
18:12:25 INFO  : ----------------XSDB Script----------------
connect -url tcp:127.0.0.1:3121
source /tools/Xilinx/Vitis/2021.2/scripts/vitis/util/zynqmp_utils.tcl
targets -set -nocase -filter {name =~"APU*"}
rst -system
after 3000
targets -set -nocase -filter {name =~"APU*"}
loadhw -hw /home/me/Workspace/Hardware/Vitis/RT_Interrupts/design_1_wrapper/export/design_1_wrapper/hw/design_1_wrapper.xsa -mem-ranges [list {0x80000000 0xbfffffff} {0x400000000 0x5ffffffff} {0x1000000000 0x7fffffffff}] -regs
configparams force-mem-access 1
targets -set -nocase -filter {name =~"APU*"}
set mode [expr [mrd -value 0xFF5E0200] & 0xf]
targets -set -nocase -filter {name =~ "*A53*#0"}
rst -processor
dow /home/me/Workspace/Hardware/Vitis/RT_Interrupts/design_1_wrapper/export/design_1_wrapper/sw/design_1_wrapper/boot/fsbl.elf
set bp_12_23_fsbl_bp [bpadd -addr &XFsbl_Exit]
con -block -timeout 60
bpremove $bp_12_23_fsbl_bp
targets -set -nocase -filter {name =~ "*A53*#0"}
rst -processor
dow /home/me/Workspace/Hardware/Vitis/RT_Interrupts/xrtcpsu_periodic_alarm_interrupt_example_1/Debug/xrtcpsu_periodic_alarm_interrupt_example_1.elf
configparams force-mem-access 0
----------------End of Script----------------

18:12:25 INFO  : Context for processor 'psu_cortexa53_0' is selected.
18:12:25 INFO  : 'con' command is executed.
18:12:25 INFO  : ----------------XSDB Script (After Launch)----------------
targets -set -nocase -filter {name =~ "*A53*#0"}
con
----------------End of Script----------------

18:12:25 INFO  : Launch script is exported to file '/home/me/Workspace/Hardware/Vitis/RT_Interrupts/xrtcpsu_periodic_alarm_interrupt_example_1_system/_ide/scripts/systemdebugger_xrtcpsu_periodic_alarm_interrupt_example_1_system_standalone.tcl'
18:12:51 INFO  : Disconnected from the channel tcfchan#3.
18:12:51 INFO  : Connected to target on host '127.0.0.1' and port '3121'.
18:12:51 INFO  : Jtag cable 'Digilent JTAG-HS1 210512180081' is selected.
18:12:51 INFO  : 'jtag frequency' command is executed.
18:12:51 INFO  : Sourcing of '/tools/Xilinx/Vitis/2021.2/scripts/vitis/util/zynqmp_utils.tcl' is done.
18:12:51 INFO  : Context for 'APU' is selected.
18:12:52 INFO  : System reset is completed.
18:12:55 INFO  : 'after 3000' command is executed.
18:12:55 INFO  : Context for 'APU' is selected.
18:12:55 INFO  : Hardware design and registers information is loaded from '/home/me/Workspace/Hardware/Vitis/RT_Interrupts/design_1_wrapper/export/design_1_wrapper/hw/design_1_wrapper.xsa'.
18:12:55 INFO  : 'configparams force-mem-access 1' command is executed.
18:12:55 INFO  : Context for 'APU' is selected.
18:12:55 INFO  : Boot mode is read from the target.
18:12:55 INFO  : Context for processor 'psu_cortexa53_0' is selected.
18:12:55 INFO  : Processor reset is completed for 'psu_cortexa53_0'.
18:12:55 INFO  : The application '/home/me/Workspace/Hardware/Vitis/RT_Interrupts/design_1_wrapper/export/design_1_wrapper/sw/design_1_wrapper/boot/fsbl.elf' is downloaded to processor 'psu_cortexa53_0'.
18:12:55 INFO  : 'set bp_12_55_fsbl_bp [bpadd -addr &XFsbl_Exit]' command is executed.
18:12:56 INFO  : 'con -block -timeout 60' command is executed.
18:12:56 INFO  : 'bpremove $bp_12_55_fsbl_bp' command is executed.
18:12:56 INFO  : Context for processor 'psu_cortexa53_0' is selected.
18:12:56 INFO  : Processor reset is completed for 'psu_cortexa53_0'.
18:12:57 INFO  : The application '/home/me/Workspace/Hardware/Vitis/RT_Interrupts/xrtcpsu_periodic_alarm_interrupt_example_1/Debug/xrtcpsu_periodic_alarm_interrupt_example_1.elf' is downloaded to processor 'psu_cortexa53_0'.
18:12:57 INFO  : 'configparams force-mem-access 0' command is executed.
18:12:57 INFO  : ----------------XSDB Script----------------
connect -url tcp:127.0.0.1:3121
source /tools/Xilinx/Vitis/2021.2/scripts/vitis/util/zynqmp_utils.tcl
targets -set -nocase -filter {name =~"APU*"}
rst -system
after 3000
targets -set -nocase -filter {name =~"APU*"}
loadhw -hw /home/me/Workspace/Hardware/Vitis/RT_Interrupts/design_1_wrapper/export/design_1_wrapper/hw/design_1_wrapper.xsa -mem-ranges [list {0x80000000 0xbfffffff} {0x400000000 0x5ffffffff} {0x1000000000 0x7fffffffff}] -regs
configparams force-mem-access 1
targets -set -nocase -filter {name =~"APU*"}
set mode [expr [mrd -value 0xFF5E0200] & 0xf]
targets -set -nocase -filter {name =~ "*A53*#0"}
rst -processor
dow /home/me/Workspace/Hardware/Vitis/RT_Interrupts/design_1_wrapper/export/design_1_wrapper/sw/design_1_wrapper/boot/fsbl.elf
set bp_12_55_fsbl_bp [bpadd -addr &XFsbl_Exit]
con -block -timeout 60
bpremove $bp_12_55_fsbl_bp
targets -set -nocase -filter {name =~ "*A53*#0"}
rst -processor
dow /home/me/Workspace/Hardware/Vitis/RT_Interrupts/xrtcpsu_periodic_alarm_interrupt_example_1/Debug/xrtcpsu_periodic_alarm_interrupt_example_1.elf
configparams force-mem-access 0
----------------End of Script----------------

18:12:57 INFO  : Context for processor 'psu_cortexa53_0' is selected.
18:12:57 INFO  : 'con' command is executed.
18:12:57 INFO  : ----------------XSDB Script (After Launch)----------------
targets -set -nocase -filter {name =~ "*A53*#0"}
con
----------------End of Script----------------

18:12:57 INFO  : Launch script is exported to file '/home/me/Workspace/Hardware/Vitis/RT_Interrupts/xrtcpsu_periodic_alarm_interrupt_example_1_system/_ide/scripts/systemdebugger_xrtcpsu_periodic_alarm_interrupt_example_1_system_standalone.tcl'
18:13:08 INFO  : Disconnected from the channel tcfchan#4.
18:13:09 INFO  : Connected to target on host '127.0.0.1' and port '3121'.
18:13:18 INFO  : ----------------XSDB Script----------------
connect -url tcp:127.0.0.1:3121
----------------End of Script----------------

18:13:18 ERROR : Could not find ARM device on the board for connection 'Local'.
Check if the target is in:
1. Split JTAG - No operations are possible with ARM DAP.
2. Non JTAG bootmode - Bootrom may need time to enable DAP.
Please try again.


Troubleshooting hints:
1. Check whether board is connected to system properly.
2. In case of zynq board, check whether Digilent/Xilinx cable switch settings are correct.
3. If you are using Xilinx Platform Cable USB, ensure that status LED is green.
18:13:54 INFO  : Connected to target on host '127.0.0.1' and port '3121'.
18:13:54 INFO  : Jtag cable 'Digilent JTAG-HS1 210512180081' is selected.
18:13:54 INFO  : 'jtag frequency' command is executed.
18:13:54 INFO  : Sourcing of '/tools/Xilinx/Vitis/2021.2/scripts/vitis/util/zynqmp_utils.tcl' is done.
18:13:54 INFO  : Context for 'APU' is selected.
18:13:54 INFO  : System reset is completed.
18:13:57 INFO  : 'after 3000' command is executed.
18:13:57 INFO  : Context for 'APU' is selected.
18:13:57 INFO  : Hardware design and registers information is loaded from '/home/me/Workspace/Hardware/Vitis/RT_Interrupts/design_1_wrapper/export/design_1_wrapper/hw/design_1_wrapper.xsa'.
18:13:57 INFO  : 'configparams force-mem-access 1' command is executed.
18:13:57 INFO  : Context for 'APU' is selected.
18:13:57 INFO  : Boot mode is read from the target.
18:13:57 INFO  : Context for processor 'psu_cortexa53_0' is selected.
18:13:57 INFO  : Processor reset is completed for 'psu_cortexa53_0'.
18:13:58 INFO  : The application '/home/me/Workspace/Hardware/Vitis/RT_Interrupts/design_1_wrapper/export/design_1_wrapper/sw/design_1_wrapper/boot/fsbl.elf' is downloaded to processor 'psu_cortexa53_0'.
18:13:58 INFO  : 'set bp_13_58_fsbl_bp [bpadd -addr &XFsbl_Exit]' command is executed.
18:13:59 INFO  : 'con -block -timeout 60' command is executed.
18:13:59 INFO  : 'bpremove $bp_13_58_fsbl_bp' command is executed.
18:13:59 INFO  : Context for processor 'psu_cortexa53_0' is selected.
18:13:59 INFO  : Processor reset is completed for 'psu_cortexa53_0'.
18:13:59 INFO  : The application '/home/me/Workspace/Hardware/Vitis/RT_Interrupts/xrtcpsu_periodic_alarm_interrupt_example_1/Debug/xrtcpsu_periodic_alarm_interrupt_example_1.elf' is downloaded to processor 'psu_cortexa53_0'.
18:13:59 INFO  : 'configparams force-mem-access 0' command is executed.
18:13:59 INFO  : ----------------XSDB Script----------------
connect -url tcp:127.0.0.1:3121
source /tools/Xilinx/Vitis/2021.2/scripts/vitis/util/zynqmp_utils.tcl
targets -set -nocase -filter {name =~"APU*"}
rst -system
after 3000
targets -set -nocase -filter {name =~"APU*"}
loadhw -hw /home/me/Workspace/Hardware/Vitis/RT_Interrupts/design_1_wrapper/export/design_1_wrapper/hw/design_1_wrapper.xsa -mem-ranges [list {0x80000000 0xbfffffff} {0x400000000 0x5ffffffff} {0x1000000000 0x7fffffffff}] -regs
configparams force-mem-access 1
targets -set -nocase -filter {name =~"APU*"}
set mode [expr [mrd -value 0xFF5E0200] & 0xf]
targets -set -nocase -filter {name =~ "*A53*#0"}
rst -processor
dow /home/me/Workspace/Hardware/Vitis/RT_Interrupts/design_1_wrapper/export/design_1_wrapper/sw/design_1_wrapper/boot/fsbl.elf
set bp_13_58_fsbl_bp [bpadd -addr &XFsbl_Exit]
con -block -timeout 60
bpremove $bp_13_58_fsbl_bp
targets -set -nocase -filter {name =~ "*A53*#0"}
rst -processor
dow /home/me/Workspace/Hardware/Vitis/RT_Interrupts/xrtcpsu_periodic_alarm_interrupt_example_1/Debug/xrtcpsu_periodic_alarm_interrupt_example_1.elf
configparams force-mem-access 0
----------------End of Script----------------

18:13:59 INFO  : Context for processor 'psu_cortexa53_0' is selected.
18:13:59 INFO  : 'con' command is executed.
18:13:59 INFO  : ----------------XSDB Script (After Launch)----------------
targets -set -nocase -filter {name =~ "*A53*#0"}
con
----------------End of Script----------------

18:13:59 INFO  : Launch script is exported to file '/home/me/Workspace/Hardware/Vitis/RT_Interrupts/xrtcpsu_periodic_alarm_interrupt_example_1_system/_ide/scripts/debugger_xrtcpsu_periodic_alarm_interrupt_example_1-default.tcl'
19:06:18 INFO  : Disconnected from the channel tcfchan#5.
19:06:52 INFO  : Launching XSCT server: xsct -n  -interactive /home/me/Workspace/Hardware/Vitis/RT_Interrupts/temp_xsdb_launch_script.tcl
19:06:53 INFO  : Platform repository initialization has completed.
19:06:53 INFO  : Registering command handlers for Vitis TCF services
19:06:54 INFO  : XSCT server has started successfully.
19:06:54 INFO  : Successfully done setting XSCT server connection channel  
19:06:54 INFO  : plnx-install-location is set to ''
19:06:54 INFO  : Successfully done setting workspace for the tool. 
19:06:54 INFO  : Successfully done query RDI_DATADIR 
